         0.5   -0.999677  0.00716169
        0.53   -0.990195  0.00730968
        0.56   -0.971257  0.00856134
        0.59   -0.961343  0.00693003
        0.62   -0.962549  0.00600478
        0.65   -0.946652  0.00477476
        0.68   -0.937393  0.00832996
        0.71   -0.902802  0.00483339
        0.74   -0.891647  0.00523282
        0.77    -0.87313  0.00373902
         0.8   -0.867604  0.00486418
        0.83   -0.852532  0.00421732
        0.86   -0.836829  0.00483284
        0.89   -0.814549   0.0028452
        0.92   -0.807039  0.00301305
        0.95   -0.794415  0.00410045
        0.98   -0.773586  0.00477018
        1.01   -0.768569  0.00224328
        1.04   -0.749462  0.00220427
        1.07   -0.734027  0.00185428
         1.1   -0.727384  0.00294978
        1.13   -0.711819  0.00246006
        1.16   -0.702306  0.00303017
        1.19    -0.69077  0.00287002
        1.22   -0.676476  0.00142899
        1.25   -0.664265  0.00225885
        1.28    -0.65841  0.00245249
        1.31   -0.644848  0.00220503
        1.34    -0.63754  0.00232569
        1.37    -0.62372  0.00171893
         1.4   -0.618064  0.00195566
        1.43   -0.606214  0.00237941
        1.46   -0.595031  0.00212555
        1.49   -0.586314  0.00195943
        1.52   -0.577631  0.00151011
        1.55   -0.568318  0.00200738
        1.58   -0.557887   0.0019496
        1.61   -0.550734  0.00169976
        1.64    -0.54519  0.00115159
        1.67   -0.536814  0.00164782
         1.7   -0.530322  0.00237282
        1.73   -0.523208  0.00223942
        1.76   -0.512847  0.00124381
        1.79   -0.510515  0.00288884
        1.82   -0.501412  0.00117635
        1.85   -0.493245  0.00176486
        1.88   -0.485871  0.00182914
        1.91   -0.483575  0.00153643
        1.94   -0.476891  0.00222198
        1.97   -0.470286  0.00211256
         0.5    -1.00313 0.000413794
        0.53   -0.993752 0.000310491
        0.56   -0.983104 0.000963119
        0.59   -0.969113 0.000560476
        0.62   -0.952946   0.0012921
        0.65   -0.940291 0.000855092
        0.68   -0.923578 0.000594804
        0.71   -0.908774 0.000726201
        0.74   -0.891142 0.000557277
        0.77   -0.875906 0.000664767
         0.8   -0.861023 0.000466511
        0.83    -0.84739 0.000647134
        0.86   -0.831861 0.000506911
        0.89   -0.817235   0.0002267
        0.92   -0.803081 0.000424093
        0.95   -0.790125 0.000439782
        0.98   -0.776055 0.000347579
        1.01   -0.762819 0.000231306
        1.04   -0.749987 0.000276984
        1.07   -0.737476 0.000265459
         1.1   -0.724446 0.000221414
        1.13   -0.712923 0.000353561
        1.16   -0.700357 0.000255008
        1.19   -0.689234 0.000192346
        1.22   -0.677758 0.000180154
        1.25    -0.66664 0.000155739
        1.28   -0.656092 0.000200348
        1.31    -0.64517 0.000263059
        1.34   -0.635423 0.000121689
        1.37   -0.625309 0.000139111
         1.4   -0.615689 0.000216205
        1.43   -0.606093 0.000230789
        1.46   -0.596518 0.000230895
        1.49   -0.587265 0.000187966
        1.52   -0.578292 0.000223497
        1.55    -0.56987 0.000208362
        1.58   -0.561463 0.000241234
        1.61   -0.553281 0.000139871
        1.64   -0.545261 0.000197078
        1.67   -0.537329 0.000178783
         1.7   -0.529773 0.000160849
        1.73   -0.522318 0.000233475
        1.76   -0.515038 0.000245413
        1.79    -0.50817 0.000151257
        1.82   -0.500796 0.000180352
        1.85   -0.494192 0.000237387
        1.88    -0.48813 0.000223233
        1.91   -0.481623 0.000151877
        1.94   -0.475188 0.000166525
        1.97   -0.468649 0.000171853
