         0.5    -1.00535  0.00528929
        0.53   -0.995326  0.00469646
        0.56   -0.977116  0.00840994
        0.59   -0.971826  0.00554439
        0.62    -0.95305  0.00692007
        0.65   -0.931086  0.00457816
        0.68   -0.927932  0.00454051
        0.71   -0.903758  0.00370632
        0.74   -0.894708  0.00361582
        0.77   -0.879762  0.00426545
         0.8   -0.866876  0.00396188
        0.83   -0.848198  0.00301746
        0.86   -0.835665  0.00341049
        0.89   -0.819472  0.00162633
        0.92   -0.808443  0.00312132
        0.95   -0.788181   0.0026634
        0.98   -0.776665  0.00238801
        1.01   -0.762338  0.00259877
        1.04   -0.753491  0.00241094
        1.07   -0.740644  0.00267239
         1.1   -0.727722  0.00218287
        1.13   -0.712414  0.00185053
        1.16   -0.700394  0.00195415
        1.19   -0.686936  0.00140635
        1.22   -0.676019  0.00230657
        1.25   -0.668325  0.00196001
        1.28   -0.657961  0.00225457
        1.31   -0.644179  0.00111659
        1.34   -0.638463  0.00131358
        1.37   -0.623727  0.00131458
         1.4   -0.616322  0.00253072
        1.43   -0.607737  0.00166133
        1.46   -0.597071  0.00150242
        1.49   -0.586646  0.00239092
        1.52   -0.582911  0.00233795
        1.55   -0.571489   0.0024005
        1.58   -0.561825  0.00168756
        1.61   -0.554223  0.00281249
        1.64   -0.546927  0.00216355
        1.67   -0.538159  0.00179873
         1.7   -0.530067  0.00116103
        1.73    -0.52129  0.00210318
        1.76   -0.513604   0.0018499
        1.79   -0.504769  0.00165199
        1.82   -0.500769  0.00165185
        1.85   -0.496535  0.00123373
        1.88   -0.485037   0.0016165
        1.91   -0.482295  0.00163197
        1.94   -0.473787  0.00125028
        1.97   -0.469624  0.00115767
         0.5    -1.00535  0.00528929
        0.53   -0.995326  0.00469646
        0.56   -0.977116  0.00840994
        0.59   -0.971826  0.00554439
        0.62    -0.95305  0.00692007
        0.65   -0.931086  0.00457816
        0.68   -0.927932  0.00454051
        0.71   -0.903758  0.00370632
        0.74   -0.894708  0.00361582
        0.77   -0.879762  0.00426545
         0.8   -0.866876  0.00396188
        0.83   -0.848198  0.00301746
        0.86   -0.835665  0.00341049
        0.89   -0.819472  0.00162633
        0.92   -0.808443  0.00312132
        0.95   -0.788181   0.0026634
        0.98   -0.776665  0.00238801
        1.01   -0.762338  0.00259877
        1.04   -0.753491  0.00241094
        1.07   -0.740644  0.00267239
         1.1   -0.727722  0.00218287
        1.13   -0.712414  0.00185053
        1.16   -0.700394  0.00195415
        1.19   -0.686936  0.00140635
        1.22   -0.676019  0.00230657
        1.25   -0.668325  0.00196001
        1.28   -0.657961  0.00225457
        1.31   -0.644179  0.00111659
        1.34   -0.638463  0.00131358
        1.37   -0.623727  0.00131458
         1.4   -0.616322  0.00253072
        1.43   -0.607737  0.00166133
        1.46   -0.597071  0.00150242
        1.49   -0.586646  0.00239092
        1.52   -0.582911  0.00233795
        1.55   -0.571489   0.0024005
        1.58   -0.561825  0.00168756
        1.61   -0.554223  0.00281249
        1.64   -0.546927  0.00216355
        1.67   -0.538159  0.00179873
         1.7   -0.530067  0.00116103
        1.73    -0.52129  0.00210318
        1.76   -0.513604   0.0018499
        1.79   -0.504769  0.00165199
        1.82   -0.500769  0.00165185
        1.85   -0.496535  0.00123373
        1.88   -0.485037   0.0016165
        1.91   -0.482295  0.00163197
        1.94   -0.473787  0.00125028
        1.97   -0.469624  0.00115767
