         0.5    0.202431   0.0343894
        0.53    0.273887    0.054152
        0.56    0.381024   0.0498415
        0.59    0.438967   0.0320423
        0.62     0.39539   0.0205936
        0.65    0.507911   0.0346379
        0.68    0.422213   0.0218158
        0.71    0.513035   0.0326962
        0.74    0.490114   0.0256048
        0.77     0.49889   0.0325779
         0.8    0.481354   0.0270715
        0.83    0.503408    0.021961
        0.86    0.462425   0.0147827
        0.89     0.47711  0.00821859
        0.92    0.449657   0.0133138
        0.95    0.466312   0.0183548
        0.98    0.443207   0.0114926
        1.01    0.440155    0.014547
        1.04     0.44618  0.00770374
        1.07    0.397865   0.0136774
         1.1    0.408051  0.00918213
        1.13    0.394615  0.00900122
        1.16    0.383023  0.00686194
        1.19    0.387342  0.00926289
        1.22    0.365342  0.00655246
        1.25    0.360763  0.00513643
        1.28    0.343976  0.00898591
        1.31    0.346628  0.00825891
        1.34    0.331581  0.00698475
        1.37    0.319395  0.00681572
         1.4    0.327881  0.00408503
        1.43    0.298825  0.00499325
        1.46    0.306425  0.00461848
        1.49    0.297028  0.00508377
        1.52    0.289823  0.00592113
        1.55    0.286185  0.00545773
        1.58    0.281976  0.00494397
        1.61    0.267952  0.00450038
        1.64    0.260374  0.00560095
        1.67      0.2557  0.00392196
         1.7    0.246621  0.00451956
        1.73    0.240778  0.00432221
        1.76    0.246107  0.00558702
        1.79    0.236789  0.00349555
        1.82    0.229319  0.00356104
        1.85     0.22392  0.00265135
        1.88    0.212129  0.00165291
        1.91    0.213664  0.00243286
        1.94    0.200385  0.00253361
        1.97    0.205371  0.00304106
         0.5    0.266731  0.00528055
        0.53    0.353251  0.00405971
        0.56    0.416013  0.00841128
        0.59     0.47726  0.00391029
        0.62    0.510197  0.00376861
        0.65    0.521061  0.00319448
        0.68    0.528291    0.002853
        0.71    0.524778  0.00348603
        0.74    0.518944  0.00326337
        0.77    0.506881  0.00201565
         0.8    0.496937  0.00254435
        0.83    0.491356  0.00289178
        0.86    0.483849  0.00246173
        0.89    0.472098  0.00149333
        0.92    0.461655  0.00110157
        0.95    0.455577  0.00126136
        0.98    0.443734 0.000749143
        1.01    0.437699 0.000890708
        1.04    0.426382  0.00108133
        1.07      0.4179  0.00134738
         1.1    0.409023 0.000843801
        1.13    0.401016 0.000852021
        1.16    0.392448  0.00110317
        1.19    0.383567 0.000802343
        1.22    0.375363  0.00074662
        1.25    0.362391 0.000769735
        1.28    0.355425  0.00110798
        1.31    0.348668 0.000542747
        1.34    0.339023 0.000530952
        1.37     0.33101  0.00061885
         1.4    0.321014 0.000375407
        1.43    0.313384 0.000398414
        1.46    0.306679 0.000629808
        1.49    0.298733 0.000701325
        1.52    0.291689 0.000395597
        1.55    0.284745 0.000457755
        1.58    0.277103 0.000394587
        1.61    0.270833 0.000475788
        1.64    0.263143 0.000386107
        1.67    0.257139 0.000417365
         1.7    0.251419 0.000308259
        1.73    0.244282 0.000368477
        1.76    0.239258 0.000273638
        1.79    0.233409 0.000527871
        1.82    0.227293 0.000289775
        1.85     0.22241 0.000215302
        1.88    0.217022 0.000336926
        1.91    0.212258 0.000263762
        1.94    0.207117 0.000193271
        1.97    0.202257 0.000296638
