         0.5    0.189482   0.0519256
        0.53    0.279832   0.0325061
        0.56    0.365833   0.0439107
        0.59    0.409749   0.0364369
        0.62    0.473006   0.0246077
        0.65    0.465419   0.0339262
        0.68    0.498466   0.0170091
        0.71    0.450115   0.0212234
        0.74    0.534472    0.022688
        0.77    0.500893    0.013182
         0.8    0.499949   0.0181008
        0.83    0.496276   0.0225793
        0.86    0.482383   0.0142521
        0.89    0.450104   0.0104649
        0.92    0.458996   0.0154506
        0.95    0.455528    0.018476
        0.98    0.447831   0.0106993
        1.01     0.43313  0.00769193
        1.04    0.427251   0.0132307
        1.07    0.402345  0.00709687
         1.1    0.395005  0.00841331
        1.13    0.384221  0.00757451
        1.16    0.385681  0.00809088
        1.19    0.376811  0.00884852
        1.22     0.38136  0.00895593
        1.25    0.366438    0.007571
        1.28    0.360302  0.00423139
        1.31    0.336039  0.00677234
        1.34    0.330072  0.00545694
        1.37    0.321872  0.00436888
         1.4    0.324861  0.00461319
        1.43     0.31481  0.00439587
        1.46    0.306443   0.0056149
        1.49    0.297038  0.00421882
        1.52    0.296787  0.00434157
        1.55    0.283724  0.00393763
        1.58    0.280965  0.00488202
        1.61     0.26581  0.00461355
        1.64    0.257705  0.00333097
        1.67    0.250418  0.00479075
         1.7    0.253476   0.0042726
        1.73    0.244738  0.00382146
        1.76    0.233953  0.00323027
        1.79    0.232494  0.00404788
        1.82    0.225077  0.00336402
        1.85    0.220715  0.00230684
        1.88    0.220287  0.00413304
        1.91     0.21058  0.00324628
        1.94    0.210053   0.0025131
        1.97    0.201796  0.00210497
         0.5    0.189482   0.0519256
        0.53    0.279832   0.0325061
        0.56    0.365833   0.0439107
        0.59    0.409749   0.0364369
        0.62    0.473006   0.0246077
        0.65    0.465419   0.0339262
        0.68    0.498466   0.0170091
        0.71    0.450115   0.0212234
        0.74    0.534472    0.022688
        0.77    0.500893    0.013182
         0.8    0.499949   0.0181008
        0.83    0.496276   0.0225793
        0.86    0.482383   0.0142521
        0.89    0.450104   0.0104649
        0.92    0.458996   0.0154506
        0.95    0.455528    0.018476
        0.98    0.447831   0.0106993
        1.01     0.43313  0.00769193
        1.04    0.427251   0.0132307
        1.07    0.402345  0.00709687
         1.1    0.395005  0.00841331
        1.13    0.384221  0.00757451
        1.16    0.385681  0.00809088
        1.19    0.376811  0.00884852
        1.22     0.38136  0.00895593
        1.25    0.366438    0.007571
        1.28    0.360302  0.00423139
        1.31    0.336039  0.00677234
        1.34    0.330072  0.00545694
        1.37    0.321872  0.00436888
         1.4    0.324861  0.00461319
        1.43     0.31481  0.00439587
        1.46    0.306443   0.0056149
        1.49    0.297038  0.00421882
        1.52    0.296787  0.00434157
        1.55    0.283724  0.00393763
        1.58    0.280965  0.00488202
        1.61     0.26581  0.00461355
        1.64    0.257705  0.00333097
        1.67    0.250418  0.00479075
         1.7    0.253476   0.0042726
        1.73    0.244738  0.00382146
        1.76    0.233953  0.00323027
        1.79    0.232494  0.00404788
        1.82    0.225077  0.00336402
        1.85    0.220715  0.00230684
        1.88    0.220287  0.00413304
        1.91     0.21058  0.00324628
        1.94    0.210053   0.0025131
        1.97    0.201796  0.00210497
