         0.5    0.894248   0.0579777
        0.53     0.65814     0.17637
        0.56     0.68364   0.0794096
        0.59     0.64396   0.0756945
        0.62    0.703048   0.0769933
        0.65     0.55618   0.0943167
        0.68     0.59484   0.0787859
        0.71    0.394504   0.0475285
        0.74    0.375144   0.0672245
        0.77    0.300512   0.0538841
         0.8    0.329796   0.0559267
        0.83    0.289816   0.0580597
        0.86    0.281048   0.0426039
        0.89    0.210248   0.0341274
        0.92    0.152332   0.0437168
        0.95    0.243148   0.0305122
        0.98    0.146108   0.0292894
        1.01    0.155632   0.0220177
        1.04    0.140708   0.0212679
        1.07     0.13456   0.0187914
         1.1    0.152404   0.0158542
        1.13    0.126144  0.00859254
        1.16    0.120112   0.0175268
        1.19    0.108924  0.00944605
        1.22    0.078216   0.0115094
        1.25     0.08164   0.0145043
        1.28      0.0625   0.0164354
        1.31    0.059224   0.0133001
        1.34    0.061392    0.020771
        1.37    0.065212  0.00939712
         1.4    0.043592   0.0118074
        1.43    0.047896    0.010987
        1.46    0.059128  0.00957971
        1.49    0.071276  0.00993497
        1.52    0.044332  0.00758315
        1.55    0.050684  0.00490851
        1.58    0.053152  0.00849467
        1.61     0.03988  0.00989097
        1.64    0.044296  0.00557709
        1.67    0.036712  0.00766573
         1.7    0.046524  0.00691607
        1.73    0.046404  0.00770756
        1.76    0.039972  0.00528608
        1.79    0.030156  0.00855089
        1.82    0.028224  0.00644847
        1.85    0.033844  0.00619035
        1.88    0.023172  0.00776854
        1.91    0.045572   0.0089372
        1.94     0.02774  0.00572767
        1.97    0.022312  0.00523127
         0.5    0.872502   0.0123425
        0.53    0.839769  0.00660095
        0.56    0.768643   0.0116745
        0.59    0.691575  0.00398246
        0.62    0.608436   0.0177604
        0.65    0.566249  0.00889484
        0.68    0.481265  0.00809388
        0.71    0.434518  0.00953225
        0.74    0.374255  0.00522898
        0.77    0.334779  0.00493756
         0.8    0.281606  0.00661765
        0.83    0.267529  0.00596765
        0.86    0.230433  0.00460082
        0.89    0.206185   0.0032557
        0.92    0.183384   0.0033056
        0.95    0.173633  0.00378783
        0.98    0.151161  0.00320678
        1.01    0.139713  0.00215589
        1.04    0.128143  0.00223181
        1.07    0.121554  0.00230337
         1.1    0.110459  0.00266746
        1.13    0.104681  0.00169668
        1.16   0.0957755 0.000962111
        1.19    0.090985  0.00187572
        1.22   0.0853294   0.0014085
        1.25   0.0780307  0.00182543
        1.28   0.0740922  0.00128018
        1.31   0.0698564  0.00140191
        1.34   0.0661145 0.000992111
        1.37   0.0640076  0.00114164
         1.4   0.0590851  0.00116485
        1.43    0.054809 0.000934834
        1.46    0.051438 0.000932798
        1.49   0.0515671  0.00134478
        1.52    0.048264  0.00104081
        1.55   0.0459294   0.0012225
        1.58   0.0453554 0.000787462
        1.61   0.0420313 0.000531727
        1.64   0.0416112 0.000610568
        1.67   0.0405007 0.000543597
         1.7   0.0369445 0.000799748
        1.73    0.037552 0.000875458
        1.76   0.0343918 0.000850583
        1.79   0.0347431 0.000551078
        1.82    0.032725 0.000597834
        1.85   0.0318533 0.000894481
        1.88   0.0302382  0.00111363
        1.91    0.030513 0.000697503
        1.94   0.0286436 0.000726314
        1.97   0.0270532 0.000692066
