         0.5    0.917028   0.0547679
        0.53      0.8051    0.100707
        0.56    0.686188    0.106313
        0.59    0.737708   0.0655709
        0.62    0.645708    0.064234
        0.65    0.437512   0.0716075
        0.68    0.545396     0.03825
        0.71    0.419484    0.043011
        0.74    0.407376   0.0341336
        0.77     0.35568   0.0507744
         0.8    0.339408   0.0385223
        0.83     0.23548   0.0355021
        0.86    0.242864   0.0317146
        0.89    0.240396   0.0240958
        0.92     0.21456   0.0281265
        0.95    0.180644   0.0337356
        0.98    0.164436   0.0172287
        1.01    0.159324   0.0232719
        1.04    0.135736   0.0247366
        1.07    0.113376   0.0197472
         1.1     0.10928   0.0206008
        1.13    0.080676   0.0117813
        1.16    0.092892  0.00785229
        1.19    0.086396   0.0103863
        1.22    0.069364   0.0142407
        1.25    0.071464  0.00920143
        1.28    0.077644   0.0105478
        1.31     0.06016   0.0115452
        1.34    0.075536   0.0100129
        1.37    0.033168  0.00818663
         1.4    0.079284  0.00671227
        1.43    0.046864  0.00775529
        1.46    0.051544  0.00700091
        1.49    0.049096  0.00675644
        1.52    0.047568   0.0043896
        1.55    0.056452  0.00841177
        1.58    0.054856  0.00770373
        1.61    0.035156  0.00767233
        1.64    0.046732   0.0051446
        1.67    0.032356  0.00786171
         1.7    0.039336  0.00684783
        1.73    0.036488  0.00516652
        1.76     0.03062  0.00624376
        1.79    0.029272  0.00359889
        1.82    0.040072  0.00488528
        1.85    0.025572   0.0043353
        1.88     0.03106  0.00847569
        1.91    0.032336  0.00477371
        1.94    0.037736  0.00445816
        1.97     0.03318  0.00559249
         0.5    0.917028   0.0547679
        0.53      0.8051    0.100707
        0.56    0.686188    0.106313
        0.59    0.737708   0.0655709
        0.62    0.645708    0.064234
        0.65    0.437512   0.0716075
        0.68    0.545396     0.03825
        0.71    0.419484    0.043011
        0.74    0.407376   0.0341336
        0.77     0.35568   0.0507744
         0.8    0.339408   0.0385223
        0.83     0.23548   0.0355021
        0.86    0.242864   0.0317146
        0.89    0.240396   0.0240958
        0.92     0.21456   0.0281265
        0.95    0.180644   0.0337356
        0.98    0.164436   0.0172287
        1.01    0.159324   0.0232719
        1.04    0.135736   0.0247366
        1.07    0.113376   0.0197472
         1.1     0.10928   0.0206008
        1.13    0.080676   0.0117813
        1.16    0.092892  0.00785229
        1.19    0.086396   0.0103863
        1.22    0.069364   0.0142407
        1.25    0.071464  0.00920143
        1.28    0.077644   0.0105478
        1.31     0.06016   0.0115452
        1.34    0.075536   0.0100129
        1.37    0.033168  0.00818663
         1.4    0.079284  0.00671227
        1.43    0.046864  0.00775529
        1.46    0.051544  0.00700091
        1.49    0.049096  0.00675644
        1.52    0.047568   0.0043896
        1.55    0.056452  0.00841177
        1.58    0.054856  0.00770373
        1.61    0.035156  0.00767233
        1.64    0.046732   0.0051446
        1.67    0.032356  0.00786171
         1.7    0.039336  0.00684783
        1.73    0.036488  0.00516652
        1.76     0.03062  0.00624376
        1.79    0.029272  0.00359889
        1.82    0.040072  0.00488528
        1.85    0.025572   0.0043353
        1.88     0.03106  0.00847569
        1.91    0.032336  0.00477371
        1.94    0.037736  0.00445816
        1.97     0.03318  0.00559249
