         0.5     86.5442     6.37098
        0.53     78.7027     4.68339
        0.56     59.8067     6.59573
        0.59     55.1643     4.53592
        0.62     55.1058     3.94179
        0.65     48.8612     2.82643
        0.68       40.73     4.37855
        0.71     28.6097     2.95137
        0.74     26.7523      2.0881
        0.77     20.3993     1.79039
         0.8     20.8986     1.94225
        0.83     19.3426     1.19132
        0.86     15.1773      1.3765
        0.89     12.4561    0.731439
        0.92      9.9746    0.835657
        0.95     11.1869     1.07289
        0.98     8.31967    0.599675
        1.01     8.49676    0.460596
        1.04     7.26404    0.266265
        1.07     6.45827    0.278248
         1.1     6.07035    0.270116
        1.13     5.83873    0.337302
        1.16     5.50579    0.327833
        1.19     5.04864     0.22287
        1.22     4.24283    0.167742
        1.25     4.24378    0.129429
        1.28     4.01702     0.16811
        1.31     3.71384    0.137772
        1.34     3.54971    0.184337
        1.37     3.25812    0.142604
         1.4     3.03313    0.123549
        1.43     2.86462    0.116846
        1.46     2.62585    0.118228
        1.49      2.5638    0.102828
        1.52     2.52521   0.0931635
        1.55     2.32947   0.0469453
        1.58     2.29978   0.0450921
        1.61     2.18798   0.0419432
        1.64     2.26761   0.0608734
        1.67     1.97435   0.0475764
         1.7      1.9344   0.0492002
        1.73     1.87658   0.0567125
        1.76     1.74363   0.0454031
        1.79     1.81635   0.0575911
        1.82     1.65994   0.0517611
        1.85     1.64695    0.026874
        1.88     1.57302   0.0453992
        1.91     1.54561    0.053951
        1.94     1.42926   0.0411175
        1.97      1.4652   0.0362448
         0.5     90.3133    0.314282
        0.53     79.6277    0.263288
        0.56      69.959    0.668347
        0.59     60.0262    0.426855
        0.62     49.8961    0.718642
        0.65     43.3872    0.438541
        0.68     36.2076    0.265956
        0.71     30.7895    0.363964
        0.74     25.3879    0.219211
        0.77     21.7867    0.245617
         0.8     18.4685    0.184524
        0.83     16.4316    0.200806
        0.86     14.1352    0.113726
        0.89     12.2719    0.075172
        0.92     10.8737   0.0802277
        0.95     9.82243   0.0754532
        0.98     8.75755   0.0421274
        1.01     7.95963   0.0516136
        1.04      7.2083   0.0477039
        1.07      6.6055   0.0271341
         1.1     6.02913   0.0307776
        1.13     5.61018   0.0350387
        1.16     5.14476   0.0213387
        1.19      4.7769   0.0118332
        1.22     4.46755   0.0144614
        1.25     4.17531   0.0177703
        1.28     3.90728   0.0159734
        1.31      3.6885   0.0162687
        1.34     3.46464  0.00829012
        1.37     3.26599  0.00822775
         1.4     3.08431  0.00887628
        1.43     2.92039  0.00738248
        1.46     2.77816   0.0123696
        1.49     2.63391   0.0102078
        1.52     2.51201  0.00875713
        1.55      2.4069  0.00656547
        1.58     2.29408  0.00953883
        1.61       2.216  0.00592342
        1.64     2.12548   0.0064423
        1.67     2.02133  0.00684755
         1.7     1.94699   0.0049136
        1.73     1.87468  0.00577617
        1.76     1.80545  0.00799335
        1.79      1.7372  0.00639303
        1.82     1.66796  0.00307325
        1.85     1.61487  0.00277501
        1.88     1.56831  0.00294864
        1.91      1.5182  0.00498136
        1.94     1.46869  0.00439208
        1.97      1.4205  0.00364316
