         0.5          92     3.88207
        0.53      81.049     2.64818
        0.56     66.6458      5.0499
        0.59     61.8809     3.77069
        0.62     49.9923     3.68234
        0.65     36.3073     3.03697
        0.68     37.1772     2.07366
        0.71     28.2294     1.94913
        0.74     27.4799     1.50364
        0.77     22.7333     1.45759
         0.8     20.5682     1.31206
        0.83     16.7028    0.707552
        0.86     15.4145    0.758538
        0.89     12.3682    0.646734
        0.92     11.5487    0.542591
        0.95      10.023    0.629349
        0.98     8.92561    0.311959
        1.01     8.01789    0.306489
        1.04     7.26462    0.353181
        1.07     6.62002    0.206615
         1.1     6.33903    0.203799
        1.13     5.29639    0.208058
        1.16     4.77518    0.199046
        1.19     4.85492    0.202848
        1.22     4.48166    0.231072
        1.25     4.18579    0.113031
        1.28     4.39504    0.125803
        1.31     3.46731    0.126344
        1.34     3.46436    0.094779
        1.37     3.11754   0.0857578
         1.4     3.20497    0.113048
        1.43     2.90573   0.0629318
        1.46     2.72751   0.0919293
        1.49     2.68555   0.0728416
        1.52     2.54119   0.0446744
        1.55     2.44954   0.0803315
        1.58     2.23955   0.0588423
        1.61     2.14454   0.0737684
        1.64     2.18336   0.0691086
        1.67     1.98314   0.0529857
         1.7     1.97401   0.0423947
        1.73     1.87915   0.0580623
        1.76     1.74219   0.0386979
        1.79     1.67597   0.0382133
        1.82     1.70059   0.0407959
        1.85     1.58099   0.0323512
        1.88     1.58873   0.0253019
        1.91     1.43319    0.030977
        1.94     1.48531   0.0308283
        1.97     1.47955   0.0368239
         0.5          92     3.88207
        0.53      81.049     2.64818
        0.56     66.6458      5.0499
        0.59     61.8809     3.77069
        0.62     49.9923     3.68234
        0.65     36.3073     3.03697
        0.68     37.1772     2.07366
        0.71     28.2294     1.94913
        0.74     27.4799     1.50364
        0.77     22.7333     1.45759
         0.8     20.5682     1.31206
        0.83     16.7028    0.707552
        0.86     15.4145    0.758538
        0.89     12.3682    0.646734
        0.92     11.5487    0.542591
        0.95      10.023    0.629349
        0.98     8.92561    0.311959
        1.01     8.01789    0.306489
        1.04     7.26462    0.353181
        1.07     6.62002    0.206615
         1.1     6.33903    0.203799
        1.13     5.29639    0.208058
        1.16     4.77518    0.199046
        1.19     4.85492    0.202848
        1.22     4.48166    0.231072
        1.25     4.18579    0.113031
        1.28     4.39504    0.125803
        1.31     3.46731    0.126344
        1.34     3.46436    0.094779
        1.37     3.11754   0.0857578
         1.4     3.20497    0.113048
        1.43     2.90573   0.0629318
        1.46     2.72751   0.0919293
        1.49     2.68555   0.0728416
        1.52     2.54119   0.0446744
        1.55     2.44954   0.0803315
        1.58     2.23955   0.0588423
        1.61     2.14454   0.0737684
        1.64     2.18336   0.0691086
        1.67     1.98314   0.0529857
         1.7     1.97401   0.0423947
        1.73     1.87915   0.0580623
        1.76     1.74219   0.0386979
        1.79     1.67597   0.0382133
        1.82     1.70059   0.0407959
        1.85     1.58099   0.0323512
        1.88     1.58873   0.0253019
        1.91     1.43319    0.030977
        1.94     1.48531   0.0308283
        1.97     1.47955   0.0368239
