         0.5          10    -1.00383    0.000342
        0.53          10   -0.994533 0.000535393
        0.56          10   -0.981415  0.00054471
        0.59          10   -0.968763 0.000468628
        0.62          10   -0.954527 0.000537903
        0.65          10   -0.940667 0.000443421
        0.68          10    -0.92354 0.000381985
        0.71          10   -0.907633 0.000512033
        0.74          10   -0.891622 0.000534499
        0.77          10   -0.876865 0.000400023
         0.8          10   -0.860838 0.000457223
        0.83          10   -0.846467 0.000412749
        0.86          10   -0.831841 0.000404294
        0.89          10   -0.817579 0.000220808
        0.92          10   -0.803526 0.000215791
        0.95          10   -0.789694 0.000203729
        0.98          10   -0.776584 0.000249782
        1.01          10   -0.762826 0.000346836
        1.04          10   -0.749882 0.000144485
        1.07          10   -0.737176 0.000147635
         1.1          10   -0.724979 0.000261096
        1.13          10   -0.712767 0.000245428
        1.16          10   -0.700584 0.000173077
        1.19          10   -0.689275 0.000183735
        1.22          10   -0.677745 0.000214827
        1.25          10   -0.667078 0.000173964
        1.28          10    -0.65598 0.000128595
        1.31          10   -0.645974 0.000285302
        1.34          10   -0.635372 0.000174233
        1.37          10   -0.625099 0.000259817
         1.4          10   -0.615202 0.000117109
        1.43          10    -0.60566 0.000206195
        1.46          10   -0.596341 0.000226768
        1.49          10   -0.587308 0.000190662
        1.52          10   -0.578591 0.000166599
        1.55          10   -0.569948 0.000170902
        1.58          10   -0.561574 0.000164718
        1.61          10   -0.553173 0.000185581
        1.64          10   -0.545348 0.000144167
        1.67          10   -0.537258 0.000150161
         1.7          10   -0.529962 0.000157194
        1.73          10   -0.522515 0.000132322
        1.76          10   -0.514908 0.000125849
        1.79          10   -0.508192  0.00022213
        1.82          10   -0.501195  0.00017244
        1.85          10   -0.494367 0.000201165
        1.88          10   -0.488039 0.000127973
        1.91          10    -0.48102 0.000126538
        1.94          10    -0.47547  0.00012486
        1.97          10   -0.468937 0.000176033
