         0.5    0.279025    0.255223  0.00452127
        0.53    0.334106    0.344382  0.00544568
        0.56    0.422268    0.424264  0.00415385
        0.59    0.468223    0.478813  0.00268574
        0.62    0.512435    0.503519  0.00335635
        0.65    0.534425    0.525113  0.00182725
        0.68    0.533185    0.528163  0.00219668
        0.71    0.536287    0.524964  0.00308162
        0.74    0.523062    0.515989   0.0035567
        0.77    0.500209    0.510271  0.00289435
         0.8    0.497062    0.497371  0.00348409
        0.83    0.488282    0.490846  0.00184593
        0.86    0.484498    0.480433  0.00248826
        0.89    0.473969    0.470324    0.001586
        0.92    0.476345    0.461826  0.00212643
        0.95    0.458702    0.455765  0.00134995
        0.98    0.443803    0.446076  0.00110265
        1.01    0.434242    0.437903  0.00131199
        1.04    0.428502    0.428002  0.00125468
        1.07    0.414069    0.417816  0.00098334
         1.1       0.405    0.411173 0.000994465
        1.13      0.4014    0.400125  0.00123533
        1.16    0.393421    0.392498 0.000660389
        1.19    0.384701    0.382636 0.000859709
        1.22    0.376155    0.373209 0.000558348
        1.25    0.359803    0.363609 0.000787739
        1.28    0.355066    0.354575 0.000991157
        1.31    0.349286    0.348191 0.000426689
        1.34    0.337697    0.338804 0.000529941
        1.37    0.331811    0.331089 0.000416285
         1.4    0.323368     0.32108 0.000612368
        1.43    0.314498    0.315035 0.000230048
        1.46    0.307225    0.305922 0.000561138
        1.49    0.299942    0.298257 0.000464225
        1.52    0.289085    0.291946 0.000575936
        1.55    0.284776    0.284487 0.000519417
        1.58     0.27825    0.276624 0.000409407
        1.61    0.271271    0.270858 0.000356164
        1.64    0.264919    0.262907 0.000411015
        1.67    0.256466    0.257714 0.000378851
         1.7    0.249963    0.249786   0.0003321
        1.73    0.246076    0.245544 0.000267471
        1.76    0.237724    0.239398 0.000262574
        1.79    0.232542     0.23367 0.000390852
        1.82    0.226957     0.22777  0.00030196
        1.85    0.223311    0.222819 0.000216168
        1.88    0.218205    0.217293 0.000430459
        1.91    0.211737     0.21193 0.000264633
        1.94    0.206927    0.206779 0.000268717
        1.97    0.203001    0.202975 0.000318951
