         0.5    0.883751    0.886178  0.00770856
        0.53    0.807462    0.835665  0.00749659
        0.56     0.74425    0.744118  0.00969892
        0.59    0.646927     0.68545  0.00779028
        0.62    0.630939    0.624193  0.00625024
        0.65    0.588203    0.558832  0.00603799
        0.68    0.504132       0.485  0.00600304
        0.71    0.415127    0.425568  0.00550793
        0.74     0.35234    0.367715  0.00671589
        0.77    0.338688    0.337818  0.00535735
         0.8    0.260765    0.283412  0.00584616
        0.83    0.269905    0.260476  0.00312432
        0.86    0.246257     0.23448  0.00281352
        0.89    0.216361    0.208187  0.00179965
        0.92    0.197464    0.185557  0.00208187
        0.95    0.172561    0.171773   0.0023806
        0.98    0.162596    0.156522  0.00262525
        1.01    0.146046    0.145057  0.00221597
        1.04     0.12692    0.132555  0.00131933
        1.07    0.114198    0.118859   0.0011312
         1.1    0.116522    0.110234  0.00126834
        1.13    0.103543    0.103189   0.0019071
        1.16   0.0974664   0.0957326  0.00210463
        1.19   0.0982052   0.0906966  0.00139323
        1.22   0.0872528   0.0863594   0.0012831
        1.25   0.0847976   0.0813866 0.000965224
        1.28   0.0765052    0.074401  0.00115053
        1.31   0.0671876   0.0693895  0.00123261
        1.34   0.0676272   0.0642055  0.00107014
        1.37    0.061878   0.0618982 0.000865257
         1.4    0.058742   0.0594802 0.000537151
        1.43   0.0546896   0.0568759 0.000872973
        1.46   0.0523248   0.0539846 0.000956474
        1.49   0.0514852   0.0508843 0.000586183
        1.52    0.048818   0.0490104 0.000660869
        1.55   0.0522076   0.0478574 0.000691083
        1.58   0.0438684   0.0435378 0.000533292
        1.61   0.0478076   0.0430764 0.000930415
        1.64    0.042622   0.0416217 0.000510334
        1.67   0.0414028   0.0390401 0.000609676
         1.7   0.0391328   0.0385993  0.00105289
        1.73   0.0369972   0.0371951 0.000595424
        1.76   0.0356644   0.0349617 0.000699395
        1.79   0.0312488   0.0338216  0.00066033
        1.82   0.0342896   0.0341829 0.000433525
        1.85   0.0310156   0.0327943 0.000339406
        1.88    0.031664   0.0310395 0.000563615
        1.91   0.0311368   0.0298256 0.000345023
        1.94   0.0287384   0.0297366 0.000458228
        1.97   0.0297772    0.027783 0.000474674
