         0.5     89.7193     90.6713    0.214175
        0.53     80.5912     80.0801    0.357336
        0.56     69.3614      68.889    0.351198
        0.59     59.1306     59.7262    0.248209
        0.62     50.7168     50.6204      0.2983
        0.65      44.772     43.6395    0.300825
        0.68     36.3069      35.903    0.181839
        0.71     29.8996     30.3431     0.24003
        0.74     25.3249     25.3549    0.245142
        0.77      21.441     21.8481    0.154602
         0.8     18.1701     18.3962    0.188558
        0.83     16.4076     16.1955   0.0985986
        0.86     14.6501     14.0369    0.117855
        0.89     12.5336     12.3053   0.0496078
        0.92     11.1904     10.9403   0.0636468
        0.95     9.65468     9.76528   0.0415655
        0.98     8.85797     8.81424   0.0366008
        1.01     8.13186     8.00913   0.0451438
        1.04      7.2324     7.22646   0.0171118
        1.07      6.5608     6.56459   0.0128462
         1.1     6.07442      6.0914   0.0159653
        1.13     5.53795     5.55228    0.021013
        1.16     5.13876     5.16915   0.0206992
        1.19      4.8205     4.79297   0.0142196
        1.22     4.40077     4.45617   0.0110942
        1.25     4.25119     4.18674   0.0137045
        1.28     3.84718     3.90836   0.0159141
        1.31     3.68318     3.70707   0.0111479
        1.34     3.52555     3.45662   0.0166404
        1.37     3.27751     3.26283   0.0111934
         1.4     3.07432     3.07251   0.0110883
        1.43     2.93709     2.92633  0.00526472
        1.46     2.76608     2.77934   0.0109567
        1.49     2.65669     2.64048  0.00410435
        1.52     2.48732     2.52394  0.00821373
        1.55     2.43657     2.40946  0.00570673
        1.58     2.29927     2.29765  0.00573067
        1.61     2.18185     2.20727  0.00391457
        1.64     2.13895     2.11676  0.00765161
        1.67     2.01089     2.02798  0.00550327
         1.7     1.97703     1.95258  0.00639547
        1.73     1.87993     1.88036  0.00203897
        1.76      1.7833     1.79871  0.00429506
        1.79     1.71391      1.7335  0.00497009
        1.82      1.7006     1.68158  0.00383947
        1.85     1.61509     1.61688  0.00294413
        1.88     1.55617     1.56562  0.00454067
        1.91      1.5034     1.50373  0.00298349
        1.94     1.45046     1.46029  0.00381434
        1.97     1.41787     1.41824  0.00327279
