1 502.213 0
2 502.315 0.072444
3 501.247 0.87356
4 501.959 0.89995
5 501.275 0.945249
6 500.476 1.07337
7 500.727 0.94906
8 500.717 0.830483
9 500.924 0.763537
10 500.68 0.725006
11 500.724 0.660428
12 500.317 0.720194
13 500.042 0.715352
14 499.88 0.682411
15 499.889 0.636975
16 499.954 0.600505
17 499.892 0.568383
18 500.105 0.575518
19 500.227 0.557923
20 500.257 0.53081
21 500.304 0.507654
22 500.294 0.484685
23 500.312 0.463951
24 500.492 0.478183
25 500.514 0.459564
26 500.542 0.442757
27 500.582 0.428178
28 500.594 0.413049
29 500.599 0.398832
30 500.592 0.385595
31 500.694 0.386448
32 500.762 0.380384
33 500.871 0.384151
34 500.915 0.375311
35 500.764 0.393832
36 500.746 0.383302
37 500.807 0.377785
38 500.83 0.368524
39 500.852 0.359735
40 500.823 0.351869
41 500.799 0.34413
42 500.808 0.336048
43 500.816 0.328332
44 500.903 0.332388
45 500.869 0.326769
46 500.939 0.327067
47 500.937 0.320117
48 500.935 0.31345
49 500.905 0.30856
50 500.982 0.312062
51 500.91 0.314258
52 500.89 0.308838
53 500.921 0.30456
54 500.906 0.299299
55 500.933 0.295097
56 500.925 0.289936
57 500.95 0.285904
58 500.897 0.285868
59 500.901 0.281048
60 500.934 0.278319
61 500.968 0.275838
62 500.93 0.273952
63 500.948 0.270197
64 500.97 0.266844
65 501.023 0.267971
66 501.024 0.263912
67 501.029 0.260028
68 501.045 0.256697
69 500.975 0.262496
70 500.966 0.258892
71 500.991 0.256487
72 500.958 0.255041
73 500.971 0.251864
74 500.923 0.252918
75 500.909 0.249965
76 500.848 0.253911
77 500.857 0.250782
78 500.809 0.252188
79 500.791 0.249674
80 500.818 0.248056
81 500.828 0.245195
82 500.809 0.242939
83 500.823 0.240396
84 500.864 0.241117
85 500.877 0.238629
86 500.844 0.238195
87 500.821 0.236543
88 500.777 0.237915
89 500.772 0.235288
90 500.791 0.233433
91 500.844 0.236743
92 500.861 0.23478
93 500.866 0.2323
94 500.903 0.23276
95 500.891 0.2306
96 500.877 0.228649
97 500.917 0.229817
98 500.912 0.227534
99 500.932 0.22618
100 500.947 0.224371
1 1.16689 0
2 1.16538 0.00106388
3 1.16612 0.000932406
4 1.1667 0.00085973
5 1.16699 0.000733144
6 1.16685 0.000622831
7 1.16702 0.000555522
8 1.16708 0.000489797
9 1.16702 0.000440108
10 1.16717 0.00042113
11 1.16697 0.000424154
12 1.16694 0.000389996
13 1.16697 0.000361178
14 1.16713 0.000366611
15 1.16721 0.000351045
16 1.1671 0.000344548
17 1.16708 0.000325193
18 1.16722 0.000336175
19 1.16732 0.000334838
20 1.16758 0.000403136
21 1.16745 0.000402923
22 1.16741 0.000386601
23 1.16735 0.000375396
24 1.16724 0.000374028
25 1.16718 0.00036429
26 1.16707 0.000366632
27 1.16722 0.000384029
28 1.16731 0.000380444
29 1.1673 0.000367403
30 1.16736 0.000359358
31 1.16731 0.000351959
32 1.16733 0.000341634
33 1.16736 0.000333065
34 1.16725 0.000340337
35 1.16722 0.000331918
36 1.16718 0.000325256
37 1.16713 0.000320779
38 1.1671 0.000313755
39 1.16705 0.000309395
40 1.16706 0.000301914
41 1.16706 0.000294551
42 1.167 0.000293558
43 1.16694 0.00029329
44 1.16687 0.000296108
45 1.16678 0.000302184
46 1.16673 0.000298956
47 1.16671 0.000293846
48 1.16671 0.000287751
49 1.1667 0.000281984
50 1.16672 0.000276742
51 1.16674 0.000272665
52 1.16679 0.000270516
53 1.16681 0.000266322
54 1.16681 0.000261392
55 1.16682 0.000256887
56 1.1668 0.000252976
57 1.16677 0.000249983
58 1.16678 0.000245693
59 1.16675 0.000243372
60 1.1667 0.000244715
61 1.16663 0.000249009
62 1.16661 0.000246316
63 1.16663 0.000243238
64 1.16664 0.000239605
65 1.16663 0.000235928
66 1.1666 0.000234193
67 1.16658 0.00023196
68 1.1666 0.000229517
69 1.16661 0.000226371
70 1.16662 0.000223242
71 1.1666 0.000221076
72 1.1666 0.000218005
73 1.16662 0.000216716
74 1.16661 0.000214217
75 1.16662 0.000211664
76 1.1666 0.000209884
77 1.16658 0.00020811
78 1.16654 0.00020925
79 1.16652 0.000207862
80 1.16652 0.000205264
81 1.16651 0.00020291
82 1.16648 0.00020213
83 1.16648 0.000199752
84 1.16648 0.000197408
85 1.16651 0.000196747
86 1.16651 0.00019446
87 1.16644 0.000201811
88 1.1664 0.00020522
89 1.16639 0.000202991
90 1.16635 0.000204221
91 1.16634 0.000202146
92 1.16632 0.000201774
93 1.16631 0.000199626
94 1.16635 0.000200826
95 1.16637 0.000200065
96 1.16638 0.000198177
97 1.1664 0.000196642
98 1.1664 0.000194636
99 1.1664 0.00019267
100 1.16641 0.000191277
1 502.213 0
2 502.315 0.072444
3 501.247 0.87356
4 501.959 0.89995
5 501.275 0.945249
6 500.476 1.07337
7 500.727 0.94906
8 500.717 0.830483
9 500.924 0.763537
10 500.68 0.725006
11 500.724 0.660428
12 500.317 0.720194
13 500.042 0.715352
14 499.88 0.682411
15 499.889 0.636975
16 499.954 0.600505
17 499.892 0.568383
18 500.105 0.575518
19 500.227 0.557923
20 500.257 0.53081
21 500.304 0.507654
22 500.294 0.484685
23 500.312 0.463951
24 500.492 0.478183
25 500.514 0.459564
26 500.542 0.442757
27 500.582 0.428178
28 500.594 0.413049
29 500.599 0.398832
30 500.592 0.385595
31 500.694 0.386448
32 500.762 0.380384
33 500.871 0.384151
34 500.915 0.375311
35 500.764 0.393832
36 500.746 0.383302
37 500.807 0.377785
38 500.83 0.368524
39 500.852 0.359735
40 500.823 0.351869
41 500.799 0.34413
42 500.808 0.336048
43 500.816 0.328332
44 500.903 0.332388
45 500.869 0.326769
46 500.939 0.327067
47 500.937 0.320117
48 500.935 0.31345
49 500.905 0.30856
50 500.982 0.312062
51 500.91 0.314258
52 500.89 0.308838
53 500.921 0.30456
54 500.906 0.299299
55 500.933 0.295097
56 500.925 0.289936
57 500.95 0.285904
58 500.897 0.285868
59 500.901 0.281048
60 500.934 0.278319
61 500.968 0.275838
62 500.93 0.273952
63 500.948 0.270197
64 500.97 0.266844
65 501.023 0.267971
66 501.024 0.263912
67 501.029 0.260028
68 501.045 0.256697
69 500.975 0.262496
70 500.966 0.258892
71 500.991 0.256487
72 500.958 0.255041
73 500.971 0.251864
74 500.923 0.252918
75 500.909 0.249965
76 500.848 0.253911
77 500.857 0.250782
78 500.809 0.252188
79 500.791 0.249674
80 500.818 0.248056
81 500.828 0.245195
82 500.809 0.242939
83 500.823 0.240396
84 500.864 0.241117
85 500.877 0.238629
86 500.844 0.238195
87 500.821 0.236543
88 500.777 0.237915
89 500.772 0.235288
90 500.791 0.233433
91 500.844 0.236743
92 500.861 0.23478
93 500.866 0.2323
94 500.903 0.23276
95 500.891 0.2306
96 500.877 0.228649
97 500.917 0.229817
98 500.912 0.227534
99 500.932 0.22618
100 500.947 0.224371
1 502.213 0
2 502.315 0.072444
3 501.247 0.87356
4 501.959 0.89995
5 501.275 0.945249
6 500.476 1.07337
7 500.727 0.94906
8 500.717 0.830483
9 500.924 0.763537
10 500.68 0.725006
11 500.724 0.660428
12 500.317 0.720194
13 500.042 0.715352
14 499.88 0.682411
15 499.889 0.636975
16 499.954 0.600505
17 499.892 0.568383
18 500.105 0.575518
19 500.227 0.557923
20 500.257 0.53081
21 500.304 0.507654
22 500.294 0.484685
23 500.312 0.463951
24 500.492 0.478183
25 500.514 0.459564
26 500.542 0.442757
27 500.582 0.428178
28 500.594 0.413049
29 500.599 0.398832
30 500.592 0.385595
31 500.694 0.386448
32 500.762 0.380384
33 500.871 0.384151
34 500.915 0.375311
35 500.764 0.393832
36 500.746 0.383302
37 500.807 0.377785
38 500.83 0.368524
39 500.852 0.359735
40 500.823 0.351869
41 500.799 0.34413
42 500.808 0.336048
43 500.816 0.328332
44 500.903 0.332388
45 500.869 0.326769
46 500.939 0.327067
47 500.937 0.320117
48 500.935 0.31345
49 500.905 0.30856
50 500.982 0.312062
51 500.91 0.314258
52 500.89 0.308838
53 500.921 0.30456
54 500.906 0.299299
55 500.933 0.295097
56 500.925 0.289936
57 500.95 0.285904
58 500.897 0.285868
59 500.901 0.281048
60 500.934 0.278319
61 500.968 0.275838
62 500.93 0.273952
63 500.948 0.270197
64 500.97 0.266844
65 501.023 0.267971
66 501.024 0.263912
67 501.029 0.260028
68 501.045 0.256697
69 500.975 0.262496
70 500.966 0.258892
71 500.991 0.256487
72 500.958 0.255041
73 500.971 0.251864
74 500.923 0.252918
75 500.909 0.249965
76 500.848 0.253911
77 500.857 0.250782
78 500.809 0.252188
79 500.791 0.249674
80 500.818 0.248056
81 500.828 0.245195
82 500.809 0.242939
83 500.823 0.240396
84 500.864 0.241117
85 500.877 0.238629
86 500.844 0.238195
87 500.821 0.236543
88 500.777 0.237915
89 500.772 0.235288
90 500.791 0.233433
91 500.844 0.236743
92 500.861 0.23478
93 500.866 0.2323
94 500.903 0.23276
95 500.891 0.2306
96 500.877 0.228649
97 500.917 0.229817
98 500.912 0.227534
99 500.932 0.22618
100 500.947 0.224371
1 502.213 0
2 502.315 0.072444
3 501.247 0.87356
4 501.959 0.89995
5 501.275 0.945249
6 500.476 1.07337
7 500.727 0.94906
8 500.717 0.830483
9 500.924 0.763537
10 500.68 0.725006
11 500.724 0.660428
12 500.317 0.720194
13 500.042 0.715352
14 499.88 0.682411
15 499.889 0.636975
16 499.954 0.600505
17 499.892 0.568383
18 500.105 0.575518
19 500.227 0.557923
20 500.257 0.53081
21 500.304 0.507654
22 500.294 0.484685
23 500.312 0.463951
24 500.492 0.478183
25 500.514 0.459564
26 500.542 0.442757
27 500.582 0.428178
28 500.594 0.413049
29 500.599 0.398832
30 500.592 0.385595
31 500.694 0.386448
32 500.762 0.380384
33 500.871 0.384151
34 500.915 0.375311
35 500.764 0.393832
36 500.746 0.383302
37 500.807 0.377785
38 500.83 0.368524
39 500.852 0.359735
40 500.823 0.351869
41 500.799 0.34413
42 500.808 0.336048
43 500.816 0.328332
44 500.903 0.332388
45 500.869 0.326769
46 500.939 0.327067
47 500.937 0.320117
48 500.935 0.31345
49 500.905 0.30856
50 500.982 0.312062
51 500.91 0.314258
52 500.89 0.308838
53 500.921 0.30456
54 500.906 0.299299
55 500.933 0.295097
56 500.925 0.289936
57 500.95 0.285904
58 500.897 0.285868
59 500.901 0.281048
60 500.934 0.278319
61 500.968 0.275838
62 500.93 0.273952
63 500.948 0.270197
64 500.97 0.266844
65 501.023 0.267971
66 501.024 0.263912
67 501.029 0.260028
68 501.045 0.256697
69 500.975 0.262496
70 500.966 0.258892
71 500.991 0.256487
72 500.958 0.255041
73 500.971 0.251864
74 500.923 0.252918
75 500.909 0.249965
76 500.848 0.253911
77 500.857 0.250782
78 500.809 0.252188
79 500.791 0.249674
80 500.818 0.248056
81 500.828 0.245195
82 500.809 0.242939
83 500.823 0.240396
84 500.864 0.241117
85 500.877 0.238629
86 500.844 0.238195
87 500.821 0.236543
88 500.777 0.237915
89 500.772 0.235288
90 500.791 0.233433
91 500.844 0.236743
92 500.861 0.23478
93 500.866 0.2323
94 500.903 0.23276
95 500.891 0.2306
96 500.877 0.228649
97 500.917 0.229817
98 500.912 0.227534
99 500.932 0.22618
100 500.947 0.224371
1 50.259 0
2 50.0588 0.141554
3 50.2424 0.177146
4 50.297 0.141004
5 50.6252 0.314514
6 50.5857 0.264571
7 50.6519 0.234918
8 50.6695 0.206209
9 50.7065 0.186589
10 50.6832 0.169372
1 50.259 0
2 50.0588 0.141554
3 50.2424 0.177146
4 50.297 0.141004
5 50.6252 0.314514
6 50.5857 0.264571
7 50.6519 0.234918
8 50.6695 0.206209
9 50.7065 0.186589
10 50.6832 0.169372
1 50.259 0
2 50.0588 0.141554
3 50.2424 0.177146
4 50.297 0.141004
5 50.6252 0.314514
6 50.5857 0.264571
7 50.6519 0.234918
8 50.6695 0.206209
9 50.7065 0.186589
10 50.6832 0.169372
1 50.259 0
2 50.0588 0.141554
3 50.2424 0.177146
4 50.297 0.141004
5 50.6252 0.314514
6 50.5857 0.264571
7 50.6519 0.234918
8 50.6695 0.206209
9 50.7065 0.186589
10 50.6832 0.169372
1 50.259 0
2 50.0588 0.141554
3 50.2424 0.177146
4 50.297 0.141004
5 50.6252 0.314514
6 50.5857 0.264571
7 50.6519 0.234918
8 50.6695 0.206209
9 50.7065 0.186589
10 50.6832 0.169372
1 50.259 0
2 50.0588 0.141554
3 50.2424 0.177146
4 50.297 0.141004
5 50.6252 0.314514
6 50.5857 0.264571
7 50.6519 0.234918
8 50.6695 0.206209
9 50.7065 0.186589
10 50.6832 0.169372
1 50.259 0
2 50.0588 0.141554
3 50.2424 0.177146
4 50.297 0.141004
5 50.6252 0.314514
6 50.5857 0.264571
7 50.6519 0.234918
8 50.6695 0.206209
9 50.7065 0.186589
10 50.6832 0.169372
1 50.259 0
2 50.0588 0.141554
3 50.2424 0.177146
4 50.297 0.141004
5 50.6252 0.314514
6 50.5857 0.264571
7 50.6519 0.234918
8 50.6695 0.206209
9 50.7065 0.186589
10 50.6832 0.169372
1 502.213 0
1 502.213 0
1 502.213 0
1 502.213 0
1 502.213 0
1 502.213 0
1 502.213 0
1 502.213 0
1 502.213 0
1 502.213 0
1 1.00092 0
1 1.00211 0
1 2.00434 0
1 1.00092 0
1 1.00092 0
2 1.00089 2.79466e-05
3 1.00095 5.44215e-05
4 1.00099 5.70789e-05
5 1.001 4.605e-05
6 1.00097 4.89418e-05
7 1.00094 5.12945e-05
8 1.00095 4.72163e-05
9 1.00097 4.61696e-05
10 1.00097 4.15663e-05
1 1.00092 0
2 1.00089 2.79466e-05
3 1.00095 5.44215e-05
4 1.00099 5.70789e-05
5 1.001 4.605e-05
6 1.00097 4.89418e-05
7 1.00094 5.12945e-05
8 1.00095 4.72163e-05
9 1.00097 4.61696e-05
10 1.00097 4.15663e-05
1 1.00513 0
2 1.00317 0.00138784
3 1.00132 0.00176791
4 1.00272 0.00179439
5 1.00069 0.00231719
6 0.999807 0.00209117
7 1.00036 0.00186435
8 1.00121 0.00181305
9 1.00142 0.00162455
10 1.00112 0.00148975
1 0.502213 0
1 0.502213 0
1 0.502213 0
1 1.00513 0
1 502.213 0
2 502.315 0.072444
3 501.247 0.87356
4 501.959 0.89995
5 501.275 0.945249
6 500.476 1.07337
7 500.727 0.94906
8 500.717 0.830483
9 500.924 0.763537
10 500.68 0.725006
11 500.724 0.660428
12 500.317 0.720194
13 500.042 0.715352
14 499.88 0.682411
15 499.889 0.636975
16 499.954 0.600505
17 499.892 0.568383
18 500.105 0.575518
19 500.227 0.557923
20 500.257 0.53081
21 500.304 0.507654
22 500.294 0.484685
23 500.312 0.463951
24 500.492 0.478183
25 500.514 0.459564
26 500.542 0.442757
27 500.582 0.428178
28 500.594 0.413049
29 500.599 0.398832
30 500.592 0.385595
31 500.694 0.386448
32 500.762 0.380384
33 500.871 0.384151
34 500.915 0.375311
35 500.764 0.393832
36 500.746 0.383302
37 500.807 0.377785
38 500.83 0.368524
39 500.852 0.359735
40 500.823 0.351869
41 500.799 0.34413
42 500.808 0.336048
43 500.816 0.328332
44 500.903 0.332388
45 500.869 0.326769
46 500.939 0.327067
47 500.937 0.320117
48 500.935 0.31345
49 500.905 0.30856
50 500.982 0.312062
51 500.91 0.314258
52 500.89 0.308838
53 500.921 0.30456
54 500.906 0.299299
55 500.933 0.295097
56 500.925 0.289936
57 500.95 0.285904
58 500.897 0.285868
59 500.901 0.281048
60 500.934 0.278319
61 500.968 0.275838
62 500.93 0.273952
63 500.948 0.270197
64 500.97 0.266844
65 501.023 0.267971
66 501.024 0.263912
67 501.029 0.260028
68 501.045 0.256697
69 500.975 0.262496
70 500.966 0.258892
71 500.991 0.256487
72 500.958 0.255041
73 500.971 0.251864
74 500.923 0.252918
75 500.909 0.249965
76 500.848 0.253911
77 500.857 0.250782
78 500.809 0.252188
79 500.791 0.249674
80 500.818 0.248056
81 500.828 0.245195
82 500.809 0.242939
83 500.823 0.240396
84 500.864 0.241117
85 500.877 0.238629
86 500.844 0.238195
87 500.821 0.236543
88 500.777 0.237915
89 500.772 0.235288
90 500.791 0.233433
91 500.844 0.236743
92 500.861 0.23478
93 500.866 0.2323
94 500.903 0.23276
95 500.891 0.2306
96 500.877 0.228649
97 500.917 0.229817
98 500.912 0.227534
99 500.932 0.22618
100 500.947 0.224371
1 1.00513 0
2 1.00317 0.00138784
3 1.00132 0.00176791
4 1.00272 0.00179439
5 1.00069 0.00231719
6 0.999807 0.00209117
7 1.00036 0.00186435
8 1.00121 0.00181305
9 1.00142 0.00162455
10 1.00112 0.00148975
11 1.00108 0.00135496
12 1.00018 0.00151212
13 0.999402 0.00158226
14 0.999071 0.00150347
15 0.999108 0.0014037
16 0.9992 0.00131896
17 0.999092 0.00124576
18 0.999534 0.00125238
19 0.999717 0.00119982
20 0.999649 0.00114177
21 0.999706 0.00108882
22 0.999608 0.00104372
23 0.999641 0.000998863
24 0.999978 0.00101234
25 1.00007 0.000975632
26 1.00008 0.000938237
27 1.00019 0.000909305
28 1.0002 0.000876956
29 1.00023 0.000847124
30 1.00012 0.000825921
31 1.00036 0.000833512
32 1.00043 0.000810647
33 1.00065 0.000814137
34 1.00061 0.000791183
35 1.00044 0.000785438
36 1.00034 0.000770737
37 1.00045 0.000758636
38 1.00044 0.000738819
39 1.00044 0.000719891
40 1.00053 0.000707282
41 1.00039 0.000704555
42 1.00033 0.000690296
43 1.00042 0.000680051
44 1.00051 0.000670417
45 1.00048 0.000656222
46 1.00049 0.000642242
47 1.00055 0.000631123
48 1.00054 0.000618093
49 1.00047 0.00060939
50 1.00054 0.000601022
51 1.00045 0.000595021
52 1.00048 0.000584189
53 1.00046 0.000573455
54 1.0004 0.000566419
55 1.00054 0.00057348
56 1.00053 0.000563422
57 1.0006 0.000557953
58 1.00053 0.000551831
59 1.00053 0.000542496
60 1.00049 0.000534811
61 1.00055 0.000528987
62 1.00047 0.000526139
63 1.00047 0.000517791
64 1.0005 0.000510464
65 1.00054 0.000504643
66 1.00058 0.000498285
67 1.00065 0.000495448
68 1.00067 0.000488855
69 1.0006 0.000487311
70 1.0006 0.000480352
71 1.00062 0.000474074
72 1.00059 0.000468341
73 1.00064 0.00046444
74 1.00056 0.000465085
75 1.00053 0.000459918
76 1.00042 0.000466219
77 1.00043 0.000460336
78 1.00034 0.000463558
79 1.0003 0.000459046
80 1.00034 0.000455017
81 1.00038 0.000450953
82 1.00034 0.000447729
83 1.00032 0.000442526
84 1.0004 0.000444716
85 1.00047 0.00044365
86 1.00043 0.000440019
87 1.00037 0.000438387
88 1.00028 0.000442513
89 1.0003 0.000437698
90 1.00033 0.000434363
91 1.00043 0.000440569
92 1.00048 0.000438099
93 1.00049 0.000433505
94 1.00053 0.000431222
95 1.00052 0.000426945
96 1.0005 0.00042282
97 1.00056 0.000422688
98 1.00056 0.000418385
99 1.00058 0.000414574
100 1.00061 0.000411452
