1 499.04 0
2 500.529 1.05334
3 501.111 0.847742
4 498.851 2.05826
5 500.1 1.98979
6 500.427 1.68488
7 500.636 1.45713
8 499.234 1.82928
9 499.988 1.77473
10 498.792 1.95957
11 498.5 1.80297
12 498.333 1.66045
13 497.781 1.62191
14 497.956 1.51543
15 498.396 1.47696
16 499.414 1.6999
17 499.049 1.63878
18 498.442 1.65616
19 498.35 1.57155
20 498.503 1.50036
21 497.589 1.68398
22 497.086 1.68115
23 497.738 1.72996
24 498.372 1.77026
25 498.39 1.69955
26 498.321 1.63559
27 498.69 1.61615
28 499.006 1.58902
29 497.978 1.83691
30 497.6 1.81409
31 497.412 1.76529
32 497.53 1.71403
33 497.733 1.67413
34 497.837 1.62809
35 497.533 1.60967
36 497.959 1.62026
37 498.215 1.59663
38 498.063 1.56184
39 497.817 1.54099
40 497.697 1.50718
41 498.09 1.52085
42 498.276 1.49596
43 498.698 1.51953
44 498.643 1.486
45 498.766 1.45805
46 498.939 1.43665
47 498.9 1.40661
48 499.148 1.39897
49 498.793 1.41487
50 498.566 1.40461
51 498.543 1.37727
52 498.635 1.35389
53 498.869 1.34841
54 498.983 1.32827
55 498.998 1.30421
56 499 1.28092
57 499.018 1.25857
58 499.109 1.24019
59 499.216 1.2238
60 499.231 1.20349
61 499.233 1.18376
62 499.034 1.18125
63 498.942 1.1661
64 498.802 1.15631
65 498.773 1.13887
66 498.662 1.12704
67 498.572 1.11378
68 498.788 1.11815
69 498.821 1.10243
70 498.99 1.09968
71 498.78 1.10409
72 498.746 1.0893
73 498.848 1.07918
74 498.906 1.06618
75 498.864 1.0528
76 499.002 1.04793
77 499.145 1.04403
78 499.116 1.03105
79 499.091 1.01829
80 499.195 1.01087
81 498.938 1.03056
82 499.139 1.03726
83 499.235 1.02923
84 499.381 1.02727
85 499.175 1.03563
86 499.289 1.02989
87 499.285 1.01807
88 499.157 1.0145
89 499.101 1.00463
90 499.078 0.993718
91 499.108 0.983224
92 499.256 0.983694
93 499.44 0.99015
94 499.317 0.987203
95 499.299 0.97697
96 499.203 0.971574
97 499.195 0.96159
98 499.224 0.952219
99 499.138 0.94646
100 499.311 0.952584
1 1.16679 0
2 1.16131 0.0038753
3 1.16087 0.00260871
4 1.1622 0.00227335
5 1.1601 0.00261313
6 1.16251 0.00309324
7 1.16364 0.00284971
8 1.16428 0.00256482
9 1.16467 0.00230971
10 1.16477 0.00208087
11 1.16548 0.00200827
12 1.16609 0.00193048
13 1.16567 0.00182737
14 1.16584 0.00170468
15 1.16564 0.00160236
16 1.16573 0.00150474
17 1.16648 0.001595
18 1.16587 0.00162013
19 1.16627 0.00158372
20 1.1658 0.00157282
21 1.16525 0.00159104
22 1.16519 0.00152002
23 1.16559 0.00150637
24 1.16586 0.00146804
25 1.16616 0.00143947
26 1.16558 0.00149703
27 1.16567 0.00144413
28 1.16569 0.00139268
29 1.16589 0.00135936
30 1.16597 0.00131654
31 1.16616 0.0012873
32 1.16627 0.0012515
33 1.16655 0.00124538
34 1.16682 0.00123742
35 1.16694 0.00120817
36 1.16693 0.00117467
37 1.16669 0.00116777
38 1.16681 0.0011439
39 1.16688 0.00111626
40 1.16682 0.00108981
41 1.16693 0.00106921
42 1.16653 0.00111666
43 1.16635 0.00110473
44 1.16634 0.00107976
45 1.16635 0.00105588
46 1.1663 0.00103435
47 1.16638 0.0010159
48 1.16654 0.00100631
49 1.16636 0.00100069
50 1.1662 0.000993737
51 1.1663 0.000979615
52 1.16632 0.000960967
53 1.16641 0.000946361
54 1.16626 0.000940122
55 1.16648 0.000947614
56 1.16651 0.000931203
57 1.16656 0.000916122
58 1.16656 0.000900344
59 1.16671 0.000896796
60 1.16666 0.00088309
61 1.16659 0.000871182
62 1.16654 0.000858633
63 1.16659 0.000846369
64 1.16666 0.000835744
65 1.16647 0.000843307
66 1.1664 0.000833549
67 1.1664 0.000821124
68 1.16633 0.000812274
69 1.16616 0.00081777
70 1.16632 0.000821305
71 1.16632 0.000809738
72 1.16642 0.000804972
73 1.1666 0.00081209
74 1.16662 0.000801448
75 1.16656 0.000792717
76 1.16668 0.0007908
77 1.16661 0.000783298
78 1.1667 0.000778436
79 1.16668 0.000768945
80 1.16666 0.000759561
81 1.16663 0.00075078
82 1.16655 0.000745808
83 1.16667 0.000746637
84 1.16659 0.000742741
85 1.16654 0.00073557
86 1.16646 0.000730847
87 1.16636 0.000730398
88 1.1663 0.00072413
89 1.16632 0.000716211
90 1.1663 0.000708653
91 1.16638 0.000705544
92 1.16646 0.000703108
93 1.16633 0.000707764
94 1.16633 0.000700245
95 1.16641 0.000696509
96 1.16641 0.000689255
97 1.16644 0.000682993
98 1.16637 0.000679359
99 1.16636 0.000672694
100 1.16631 0.000667706
1 499.04 0
2 500.529 1.05334
3 501.111 0.847742
4 498.851 2.05826
5 500.1 1.98979
6 500.427 1.68488
7 500.636 1.45713
8 499.234 1.82928
9 499.988 1.77473
10 498.792 1.95957
11 498.5 1.80297
12 498.333 1.66045
13 497.781 1.62191
14 497.956 1.51543
15 498.396 1.47696
16 499.414 1.6999
17 499.049 1.63878
18 498.442 1.65616
19 498.35 1.57155
20 498.503 1.50036
21 497.589 1.68398
22 497.086 1.68115
23 497.738 1.72996
24 498.372 1.77026
25 498.39 1.69955
26 498.321 1.63559
27 498.69 1.61615
28 499.006 1.58902
29 497.978 1.83691
30 497.6 1.81409
31 497.412 1.76529
32 497.53 1.71403
33 497.733 1.67413
34 497.837 1.62809
35 497.533 1.60967
36 497.959 1.62026
37 498.215 1.59663
38 498.063 1.56184
39 497.817 1.54099
40 497.697 1.50718
41 498.09 1.52085
42 498.276 1.49596
43 498.698 1.51953
44 498.643 1.486
45 498.766 1.45805
46 498.939 1.43665
47 498.9 1.40661
48 499.148 1.39897
49 498.793 1.41487
50 498.566 1.40461
51 498.543 1.37727
52 498.635 1.35389
53 498.869 1.34841
54 498.983 1.32827
55 498.998 1.30421
56 499 1.28092
57 499.018 1.25857
58 499.109 1.24019
59 499.216 1.2238
60 499.231 1.20349
61 499.233 1.18376
62 499.034 1.18125
63 498.942 1.1661
64 498.802 1.15631
65 498.773 1.13887
66 498.662 1.12704
67 498.572 1.11378
68 498.788 1.11815
69 498.821 1.10243
70 498.99 1.09968
71 498.78 1.10409
72 498.746 1.0893
73 498.848 1.07918
74 498.906 1.06618
75 498.864 1.0528
76 499.002 1.04793
77 499.145 1.04403
78 499.116 1.03105
79 499.091 1.01829
80 499.195 1.01087
81 498.938 1.03056
82 499.139 1.03726
83 499.235 1.02923
84 499.381 1.02727
85 499.175 1.03563
86 499.289 1.02989
87 499.285 1.01807
88 499.157 1.0145
89 499.101 1.00463
90 499.078 0.993718
91 499.108 0.983224
92 499.256 0.983694
93 499.44 0.99015
94 499.317 0.987203
95 499.299 0.97697
96 499.203 0.971574
97 499.195 0.96159
98 499.224 0.952219
99 499.138 0.94646
100 499.311 0.952584
1 499.04 0
2 500.529 1.05334
3 501.111 0.847742
4 498.851 2.05826
5 500.1 1.98979
6 500.427 1.68488
7 500.636 1.45713
8 499.234 1.82928
9 499.988 1.77473
10 498.792 1.95957
11 498.5 1.80297
12 498.333 1.66045
13 497.781 1.62191
14 497.956 1.51543
15 498.396 1.47696
16 499.414 1.6999
17 499.049 1.63878
18 498.442 1.65616
19 498.35 1.57155
20 498.503 1.50036
21 497.589 1.68398
22 497.086 1.68115
23 497.738 1.72996
24 498.372 1.77026
25 498.39 1.69955
26 498.321 1.63559
27 498.69 1.61615
28 499.006 1.58902
29 497.978 1.83691
30 497.6 1.81409
31 497.412 1.76529
32 497.53 1.71403
33 497.733 1.67413
34 497.837 1.62809
35 497.533 1.60967
36 497.959 1.62026
37 498.215 1.59663
38 498.063 1.56184
39 497.817 1.54099
40 497.697 1.50718
41 498.09 1.52085
42 498.276 1.49596
43 498.698 1.51953
44 498.643 1.486
45 498.766 1.45805
46 498.939 1.43665
47 498.9 1.40661
48 499.148 1.39897
49 498.793 1.41487
50 498.566 1.40461
51 498.543 1.37727
52 498.635 1.35389
53 498.869 1.34841
54 498.983 1.32827
55 498.998 1.30421
56 499 1.28092
57 499.018 1.25857
58 499.109 1.24019
59 499.216 1.2238
60 499.231 1.20349
61 499.233 1.18376
62 499.034 1.18125
63 498.942 1.1661
64 498.802 1.15631
65 498.773 1.13887
66 498.662 1.12704
67 498.572 1.11378
68 498.788 1.11815
69 498.821 1.10243
70 498.99 1.09968
71 498.78 1.10409
72 498.746 1.0893
73 498.848 1.07918
74 498.906 1.06618
75 498.864 1.0528
76 499.002 1.04793
77 499.145 1.04403
78 499.116 1.03105
79 499.091 1.01829
80 499.195 1.01087
81 498.938 1.03056
82 499.139 1.03726
83 499.235 1.02923
84 499.381 1.02727
85 499.175 1.03563
86 499.289 1.02989
87 499.285 1.01807
88 499.157 1.0145
89 499.101 1.00463
90 499.078 0.993718
91 499.108 0.983224
92 499.256 0.983694
93 499.44 0.99015
94 499.317 0.987203
95 499.299 0.97697
96 499.203 0.971574
97 499.195 0.96159
98 499.224 0.952219
99 499.138 0.94646
100 499.311 0.952584
1 499.04 0
2 500.529 1.05334
3 501.111 0.847742
4 498.851 2.05826
5 500.1 1.98979
6 500.427 1.68488
7 500.636 1.45713
8 499.234 1.82928
9 499.988 1.77473
10 498.792 1.95957
11 498.5 1.80297
12 498.333 1.66045
13 497.781 1.62191
14 497.956 1.51543
15 498.396 1.47696
16 499.414 1.6999
17 499.049 1.63878
18 498.442 1.65616
19 498.35 1.57155
20 498.503 1.50036
21 497.589 1.68398
22 497.086 1.68115
23 497.738 1.72996
24 498.372 1.77026
25 498.39 1.69955
26 498.321 1.63559
27 498.69 1.61615
28 499.006 1.58902
29 497.978 1.83691
30 497.6 1.81409
31 497.412 1.76529
32 497.53 1.71403
33 497.733 1.67413
34 497.837 1.62809
35 497.533 1.60967
36 497.959 1.62026
37 498.215 1.59663
38 498.063 1.56184
39 497.817 1.54099
40 497.697 1.50718
41 498.09 1.52085
42 498.276 1.49596
43 498.698 1.51953
44 498.643 1.486
45 498.766 1.45805
46 498.939 1.43665
47 498.9 1.40661
48 499.148 1.39897
49 498.793 1.41487
50 498.566 1.40461
51 498.543 1.37727
52 498.635 1.35389
53 498.869 1.34841
54 498.983 1.32827
55 498.998 1.30421
56 499 1.28092
57 499.018 1.25857
58 499.109 1.24019
59 499.216 1.2238
60 499.231 1.20349
61 499.233 1.18376
62 499.034 1.18125
63 498.942 1.1661
64 498.802 1.15631
65 498.773 1.13887
66 498.662 1.12704
67 498.572 1.11378
68 498.788 1.11815
69 498.821 1.10243
70 498.99 1.09968
71 498.78 1.10409
72 498.746 1.0893
73 498.848 1.07918
74 498.906 1.06618
75 498.864 1.0528
76 499.002 1.04793
77 499.145 1.04403
78 499.116 1.03105
79 499.091 1.01829
80 499.195 1.01087
81 498.938 1.03056
82 499.139 1.03726
83 499.235 1.02923
84 499.381 1.02727
85 499.175 1.03563
86 499.289 1.02989
87 499.285 1.01807
88 499.157 1.0145
89 499.101 1.00463
90 499.078 0.993718
91 499.108 0.983224
92 499.256 0.983694
93 499.44 0.99015
94 499.317 0.987203
95 499.299 0.97697
96 499.203 0.971574
97 499.195 0.96159
98 499.224 0.952219
99 499.138 0.94646
100 499.311 0.952584
1 52.0539 0
2 54.4637 1.70398
3 53.9568 1.20903
4 53.1825 1.1278
5 51.7097 1.59669
6 51.7261 1.33066
7 51.593 1.1472
8 51.5622 1.00421
9 51.6041 0.893506
10 51.6315 0.804575
1 52.0539 0
2 54.4637 1.70398
3 53.9568 1.20903
4 53.1825 1.1278
5 51.7097 1.59669
6 51.7261 1.33066
7 51.593 1.1472
8 51.5622 1.00421
9 51.6041 0.893506
10 51.6315 0.804575
1 52.0539 0
2 54.4637 1.70398
3 53.9568 1.20903
4 53.1825 1.1278
5 51.7097 1.59669
6 51.7261 1.33066
7 51.593 1.1472
8 51.5622 1.00421
9 51.6041 0.893506
10 51.6315 0.804575
1 52.0539 0
2 54.4637 1.70398
3 53.9568 1.20903
4 53.1825 1.1278
5 51.7097 1.59669
6 51.7261 1.33066
7 51.593 1.1472
8 51.5622 1.00421
9 51.6041 0.893506
10 51.6315 0.804575
1 52.0539 0
2 54.4637 1.70398
3 53.9568 1.20903
4 53.1825 1.1278
5 51.7097 1.59669
6 51.7261 1.33066
7 51.593 1.1472
8 51.5622 1.00421
9 51.6041 0.893506
10 51.6315 0.804575
1 52.0539 0
2 54.4637 1.70398
3 53.9568 1.20903
4 53.1825 1.1278
5 51.7097 1.59669
6 51.7261 1.33066
7 51.593 1.1472
8 51.5622 1.00421
9 51.6041 0.893506
10 51.6315 0.804575
1 52.0539 0
2 54.4637 1.70398
3 53.9568 1.20903
4 53.1825 1.1278
5 51.7097 1.59669
6 51.7261 1.33066
7 51.593 1.1472
8 51.5622 1.00421
9 51.6041 0.893506
10 51.6315 0.804575
1 52.0539 0
2 54.4637 1.70398
3 53.9568 1.20903
4 53.1825 1.1278
5 51.7097 1.59669
6 51.7261 1.33066
7 51.593 1.1472
8 51.5622 1.00421
9 51.6041 0.893506
10 51.6315 0.804575
1 499.04 0
1 499.04 0
1 499.04 0
1 499.04 0
1 499.04 0
1 499.04 0
1 499.04 0
1 499.04 0
1 499.04 0
1 499.04 0
1 1.00104 0
1 1.00193 0
1 1.99532 0
1 1.00104 0
1 1.00104 0
2 1.00107 2.19134e-05
3 1.00116 7.15028e-05
4 1.00095 0.000191816
5 1.00096 0.000153938
6 1.00099 0.000131908
7 1.00103 0.000117558
8 1.00106 0.000107423
9 1.00104 9.84231e-05
10 1.00106 9.08586e-05
1 1.00104 0
2 1.00107 2.19134e-05
3 1.00116 7.15028e-05
4 1.00095 0.000191816
5 1.00096 0.000153938
6 1.00099 0.000131908
7 1.00103 0.000117558
8 1.00106 0.000107423
9 1.00104 9.84231e-05
10 1.00106 9.08586e-05
1 1.00069 0
2 0.998857 0.00129397
3 1.00156 0.00236842
4 0.996233 0.00494259
5 0.999171 0.00474793
6 0.999214 0.0039568
7 1.00028 0.00353126
8 0.996648 0.00458958
9 0.998187 0.0043299
10 0.996383 0.00425595
1 0.49904 0
1 0.49904 0
1 0.49904 0
1 1.00069 0
1 499.04 0
2 500.529 1.05334
3 501.111 0.847742
4 498.851 2.05826
5 500.1 1.98979
6 500.427 1.68488
7 500.636 1.45713
8 499.234 1.82928
9 499.988 1.77473
10 498.792 1.95957
11 498.5 1.80297
12 498.333 1.66045
13 497.781 1.62191
14 497.956 1.51543
15 498.396 1.47696
16 499.414 1.6999
17 499.049 1.63878
18 498.442 1.65616
19 498.35 1.57155
20 498.503 1.50036
21 497.589 1.68398
22 497.086 1.68115
23 497.738 1.72996
24 498.372 1.77026
25 498.39 1.69955
26 498.321 1.63559
27 498.69 1.61615
28 499.006 1.58902
29 497.978 1.83691
30 497.6 1.81409
31 497.412 1.76529
32 497.53 1.71403
33 497.733 1.67413
34 497.837 1.62809
35 497.533 1.60967
36 497.959 1.62026
37 498.215 1.59663
38 498.063 1.56184
39 497.817 1.54099
40 497.697 1.50718
41 498.09 1.52085
42 498.276 1.49596
43 498.698 1.51953
44 498.643 1.486
45 498.766 1.45805
46 498.939 1.43665
47 498.9 1.40661
48 499.148 1.39897
49 498.793 1.41487
50 498.566 1.40461
51 498.543 1.37727
52 498.635 1.35389
53 498.869 1.34841
54 498.983 1.32827
55 498.998 1.30421
56 499 1.28092
57 499.018 1.25857
58 499.109 1.24019
59 499.216 1.2238
60 499.231 1.20349
61 499.233 1.18376
62 499.034 1.18125
63 498.942 1.1661
64 498.802 1.15631
65 498.773 1.13887
66 498.662 1.12704
67 498.572 1.11378
68 498.788 1.11815
69 498.821 1.10243
70 498.99 1.09968
71 498.78 1.10409
72 498.746 1.0893
73 498.848 1.07918
74 498.906 1.06618
75 498.864 1.0528
76 499.002 1.04793
77 499.145 1.04403
78 499.116 1.03105
79 499.091 1.01829
80 499.195 1.01087
81 498.938 1.03056
82 499.139 1.03726
83 499.235 1.02923
84 499.381 1.02727
85 499.175 1.03563
86 499.289 1.02989
87 499.285 1.01807
88 499.157 1.0145
89 499.101 1.00463
90 499.078 0.993718
91 499.108 0.983224
92 499.256 0.983694
93 499.44 0.99015
94 499.317 0.987203
95 499.299 0.97697
96 499.203 0.971574
97 499.195 0.96159
98 499.224 0.952219
99 499.138 0.94646
100 499.311 0.952584
1 1.00069 0
2 0.998857 0.00129397
3 1.00156 0.00236842
4 0.996233 0.00494259
5 0.999171 0.00474793
6 0.999214 0.0039568
7 1.00028 0.00353126
8 0.996648 0.00458958
9 0.998187 0.0043299
10 0.996383 0.00425595
11 0.995447 0.00397081
12 0.996052 0.00368569
13 0.995849 0.00340775
14 0.995597 0.0031736
15 0.99627 0.00303249
16 0.998032 0.00331558
17 0.997843 0.00312592
18 0.997245 0.00300896
19 0.997084 0.00285491
20 0.99711 0.00271229
21 0.995199 0.00318626
22 0.994477 0.00312198
23 0.995069 0.00304171
24 0.995768 0.00299435
25 0.995236 0.00292146
26 0.995559 0.00282684
27 0.995964 0.00275099
28 0.996344 0.00267887
29 0.994507 0.00315364
30 0.993958 0.00309608
31 0.993638 0.00301265
32 0.993862 0.0029268
33 0.994168 0.00285413
34 0.994573 0.00279869
35 0.994541 0.00271891
36 0.995758 0.00290307
37 0.996327 0.00287981
38 0.996553 0.00281287
39 0.995972 0.00280002
40 0.995652 0.00274834
41 0.996221 0.00273976
42 0.996605 0.00270122
43 0.997423 0.00275957
44 0.997054 0.00272149
45 0.997101 0.00266142
46 0.997338 0.00261414
47 0.997496 0.00256325
48 0.997764 0.00252389
49 0.997575 0.00247944
50 0.997296 0.00244549
51 0.997324 0.0023977
52 0.997362 0.00235188
53 0.997858 0.00235921
54 0.998054 0.00232372
55 0.998087 0.00228169
56 0.99813 0.00224136
57 0.998098 0.00220227
58 0.998814 0.00227764
59 0.99894 0.00224252
60 0.998695 0.00221848
61 0.998722 0.00218227
62 0.99881 0.00214885
63 0.998462 0.00214279
64 0.998062 0.00214631
65 0.998107 0.00211375
66 0.997963 0.00208659
67 0.997859 0.00205806
68 0.99832 0.00207896
69 0.998278 0.00204925
70 0.998548 0.00203761
71 0.998178 0.00204214
72 0.998348 0.00202084
73 0.998627 0.00201234
74 0.998775 0.00199056
75 0.998736 0.00196439
76 0.998883 0.00194401
77 0.999154 0.00193759
78 0.999235 0.00191445
79 0.999066 0.0018977
80 0.999152 0.00187593
81 0.998812 0.00188337
82 0.999121 0.00188563
83 0.999302 0.00187157
84 0.999673 0.00188571
85 0.999268 0.00190663
86 0.999411 0.00188983
87 0.999573 0.00187507
88 0.999374 0.00186435
89 0.999275 0.00184599
90 0.999235 0.00182591
91 0.999312 0.00180746
92 0.999494 0.0017969
93 0.999813 0.00180567
94 0.999543 0.00180646
95 0.999603 0.00178844
96 0.999399 0.0017814
97 0.999428 0.00176326
98 0.999455 0.00174548
99 0.999328 0.00173246
100 0.999511 0.00172472
