1    -8.48251
2    -8.33758
3     -8.2405
4    -8.19453
5    -8.10705
6    -8.05977
7    -7.98833
8    -7.98207
9    -7.90809
10    -7.77941
11    -7.73702
12    -7.74591
13    -7.73584
14    -7.68699
15    -7.65769
16    -7.68186
17    -7.62259
18    -7.67516
19    -7.66624
20    -7.65283
21    -7.66219
22    -7.68321
23     -7.6428
24    -7.57895
25    -7.52216
26    -7.57523
27    -7.51024
28    -7.51371
29     -7.5549
30    -7.65913
31    -7.65649
32    -7.66164
33    -7.65386
34    -7.63429
35    -7.58743
36    -7.66695
37    -7.66494
38      -7.686
39    -7.69059
40    -7.75009
41    -7.75786
42    -7.74478
43    -7.72266
44    -7.68822
45    -7.63733
46    -7.68111
47    -7.56992
48    -7.60096
49    -7.60418
50     -7.6002
51    -7.55087
52    -7.46525
53    -7.55788
54    -7.57941
55    -7.59984
56      -7.544
57    -7.56253
58    -7.50556
59    -7.63269
60    -7.62405
61     -7.5812
62      -7.573
63    -7.60164
64     -7.6659
65    -7.58928
66    -7.66751
67    -7.65977
68    -7.67023
69    -7.64083
70    -7.57449
71    -7.60596
72    -7.62571
73    -7.67925
74    -7.69383
75    -7.63898
76    -7.61237
77    -7.62452
78    -7.51211
79    -7.55241
80    -7.62666
81    -7.57543
82    -7.53935
83    -7.60498
84    -7.59798
85    -7.50575
86    -7.53558
87    -7.55693
88    -7.48168
89    -7.47258
90    -7.53073
91    -7.59024
92    -7.55972
93     -7.4495
94    -7.58687
95    -7.62971
96    -7.60148
97     -7.5505
98    -7.59009
99    -7.56441
100    -7.59592
101    -7.56014
102    -7.46544
103    -7.46906
104    -7.52797
105     -7.4517
106    -7.39833
107     -7.4198
108    -7.43829
109    -7.42304
110    -7.42454
111    -7.37486
112    -7.44952
113    -7.46077
114    -7.49842
115    -7.53099
116    -7.56615
117    -7.61776
118    -7.52573
119    -7.60214
120    -7.58061
121    -7.50432
122    -7.47644
123    -7.52439
124    -7.44835
125    -7.52713
126    -7.45452
127    -7.49538
128    -7.49537
129    -7.48926
130    -7.56042
131     -7.5154
132    -7.50623
133    -7.54896
134    -7.52696
135    -7.48272
136    -7.45198
137    -7.45887
138    -7.49419
139    -7.50915
