1       2.473
2     3.26309
3     3.79654
4     4.05707
5     4.51651
6     4.76797
7     5.16293
8     5.20447
9     5.61124
10     6.32404
11      6.5737
12     6.53079
13     6.62218
14     6.89525
15     7.05551
16     6.89755
17     7.23826
18     6.94086
19     6.97804
20      7.0708
21     7.00016
22     6.86612
23     7.11072
24      7.4242
25     7.74968
26     7.45496
27     7.81562
28     7.83303
29     7.59098
30     7.00743
31     7.01213
32      6.9949
33     7.03148
34      7.1011
35     7.35565
36     6.92621
37     6.95539
38     6.85146
39     6.80836
40     6.48245
41     6.45351
42      6.5295
43     6.61977
44     6.83512
45     7.09165
46     6.84405
47     7.47452
48     7.26506
49     7.23315
50      7.2571
51     7.54103
52     8.03351
53     7.53198
54     7.41347
55     7.30085
56     7.58294
57     7.46766
58     7.80933
59     7.10537
60     7.15801
61     7.39509
62     7.41513
63     7.26645
64     6.93322
65     7.32805
66     6.92429
67     6.96297
68     6.90884
69     7.10622
70     7.45053
71     7.28184
72      7.1613
73     6.87364
74     6.79094
75     7.07468
76     7.22792
77     7.17005
78     7.81514
79     7.56709
80     7.14676
81     7.43686
82      7.6899
83     7.29051
84      7.3022
85      7.8352
86     7.63145
87     7.52974
88     7.95095
89     8.01186
90     7.66671
91     7.33462
92     7.53761
93      8.1351
94     7.37969
95     7.14622
96     7.30752
97     7.53473
98     7.35907
99     7.48209
100     7.33731
101     7.52268
102     8.07107
103     8.04704
104     7.70311
105     8.17055
106     8.43776
107     8.30949
108     8.21368
109     8.29852
110     8.27396
111      8.5612
112      8.1374
113     8.07521
114     7.84538
115     7.68729
116     7.51304
117     7.17867
118     7.66086
119     7.23804
120     7.35677
121     7.77379
122     7.96252
123     7.70466
124     8.11475
125     7.65665
126     8.06536
127     7.83812
128     7.81153
129     7.85122
130     7.45779
131     7.72809
132     7.80791
133     7.57685
134     7.66856
135     7.89936
136     8.06281
137     8.02137
138     7.84898
139     7.77618
