           0      18.364           0
           1     8.54613     6.04302
           2     11.4403     4.67058
           3     12.8558     3.71126
           4     13.8068     3.08844
           5     14.3504     2.62109
           6     14.7454     2.27623
           7      15.029     2.00928
           8     15.2642     1.79974
           9     15.4178     1.62632
          10     15.5041     1.48076
          11     15.6542     1.36495
          12     15.7438     1.26289
          13      15.833     1.17583
          14      15.898     1.09923
          15     15.9391      1.0313
          16     16.0204    0.973835
          17      16.074    0.921205
          18     16.1083    0.873359
          19     16.1479     0.83059
          20     16.1729    0.791414
          21     16.2051    0.756094
          22     16.2318    0.723693
          23     16.2445    0.693651
          24     16.2754    0.666589
          25     16.2815    0.640979
          26      16.305     0.61767
          27     16.3425    0.596748
          28     16.3451    0.576176
          29     16.3632    0.557256
          30     16.3846    0.539689
          31     16.3989    0.523012
          32     16.4119    0.507326
          33     16.4289     0.49269
          34     16.4291    0.478613
          35     16.4493    0.465741
          36     16.4663    0.453465
          37     16.4641    0.441537
          38     16.4866    0.430789
          39     16.4904    0.420036
          40     16.4916    0.409793
          41     16.5091    0.400408
          42     16.5239     0.39137
          43     16.5419     0.38289
          44     16.5471    0.374416
          45      16.555    0.366361
          46     16.5716    0.358944
          47     16.5826    0.351632
          48     16.5973    0.344764
          49     16.6066    0.337995
          50     16.6117    0.331405
          51     16.6226    0.325211
          52     16.6289    0.319136
          53     16.6301    0.313228
          54     16.6418    0.307751
          55     16.6507    0.302385
          56     16.6532     0.29709
          57     16.6562    0.291983
          58     16.6583    0.287042
          59     16.6653    0.282344
          60     16.6744     0.27786
          61     16.6775    0.273396
          62     16.6857    0.269179
          63     16.6907    0.265019
          64      16.694    0.260964
          65     16.7025    0.257146
          66     16.7043    0.253314
          67     16.7101    0.249655
          68     16.7118    0.246043
          69     16.7222    0.242747
          70     16.7272     0.23938
          71     16.7261    0.236058
          72     16.7307    0.232869
          73     16.7306    0.229723
          74     16.7316    0.226662
          75     16.7353    0.223709
          76     16.7393    0.220839
          77     16.7455    0.218096
          78     16.7484    0.215355
          79     16.7533    0.212717
          80     16.7553    0.210101
          81     16.7504    0.207597
          82      16.757    0.205199
          83     16.7588    0.202764
          84     16.7642    0.200451
          85     16.7674    0.198145
          86     16.7701    0.195887
          87     16.7705    0.193661
          88     16.7717    0.191489
          89      16.771    0.189363
          90      16.775    0.187324
          91     16.7764    0.185293
          92     16.7768    0.183301
          93     16.7783    0.181357
          94     16.7809    0.179467
          95     16.7829    0.177609
          96     16.7872    0.175828
          97     16.7917    0.174092
          98     16.7966    0.172405
          99     16.7965    0.170681
