           0    -56.1445           0
           0    -37.7804           0
           1    -27.4363     19.4004
           1    -18.8901     13.3573
           2    -36.6266     14.9528
           2    -25.1863     10.2823
           3    -41.1915      11.891
           3    -28.3356     8.17979
           4    -44.0316     9.84613
           4    -30.2248     6.75848
           5    -45.8339     8.36844
           5    -31.4836     5.74809
           6    -47.1264     7.27208
           6     -32.381      4.9965
           7    -48.0847     6.42589
           7    -33.0558     4.41726
           8    -48.8471     5.75696
           8     -33.583     3.95779
           9    -49.4251      5.2102
           9    -34.0073     3.58469
          10     -49.856     4.75432
          10    -34.3519     3.27533
          11    -50.2941     4.37827
          11      -34.64     3.01502
          12     -50.626     4.05404
          12    -34.8822     2.79281
          13    -50.9209     3.77518
          13    -35.0879     2.60089
          14    -51.1659     3.53144
          14    -35.2679     2.43372
          15    -51.3649     3.31633
          15    -35.4258     2.28673
          16    -51.5871     3.12868
          16    -35.5667     2.15655
          17    -51.7638     2.95985
          17    -35.6898     2.04025
          18    -51.9081     2.80758
          18    -35.7998     1.93583
          19    -52.0481     2.67069
          19    -35.9002     1.84164
          20    -52.1633       2.546
          20    -35.9904     1.75616
          21    -52.2762     2.43278
          21    -36.0712     1.67819
          22    -52.3784     2.32915
          22    -36.1466     1.60692
          23    -52.4593     2.23351
          23    -36.2147     1.54141
          24    -52.5527     2.14612
          24    -36.2774     1.48102
          25    -52.6169     2.06454
          25    -36.3355      1.4252
          26    -52.6945     1.98953
          26    -36.3895     1.37344
          27    -52.7825     1.92042
          27      -36.44     1.32531
          28    -52.8302     1.85479
          28    -36.4851     1.28038
          29    -52.8924     1.79401
          29    -36.5292     1.23846
          30     -52.954     1.73719
          30    -36.5694     1.19916
          31    -53.0055     1.68367
          31    -36.6067     1.16227
          32    -53.0537     1.63334
          32    -36.6418     1.12758
          33     -53.104     1.58607
          33    -36.6751      1.0949
          34    -53.1354     1.54107
          34    -36.7062     1.06406
          35    -53.1851     1.49906
          35    -36.7359     1.03492
          36    -53.2303     1.45923
          36     -36.764     1.00733
          37    -53.2552     1.42104
          37    -36.7911    0.981186
          38    -53.3042     1.38545
          38    -36.8176    0.956387
          39    -53.3323      1.3511
          39    -36.8418    0.932783
          40    -53.3561     1.31835
          40    -36.8645    0.910308
          41    -53.3961     1.28757
          41    -36.8871    0.888913
          42    -53.4316     1.25811
          42    -36.9077    0.868481
          43    -53.4697      1.2301
          43    -36.9278    0.848975
          44    -53.4939       1.203
          44    -36.9468    0.830322
          45      -53.52     1.17713
          45     -36.965    0.812469
          46    -53.5543     1.15259
          46    -36.9826    0.795375
          47    -53.5817      1.1289
          47    -36.9991    0.778975
          48    -53.6122     1.10627
          48    -37.0149    0.763237
          49    -53.6368     1.08442
          49    -37.0301    0.748125
          50    -53.6568     1.06334
          50    -37.0451    0.733606
          51    -53.6817     1.04319
          51    -37.0592    0.719633
          52    -53.7017     1.02369
          52    -37.0728    0.706185
          53    -53.7162     1.00484
          53    -37.0861    0.693231
          54    -53.7407    0.986867
          54    -37.0989    0.680746
          55    -53.7621    0.969477
          55    -37.1114    0.668704
          56    -53.7765    0.952576
          56    -37.1233    0.657078
          57    -53.7908     0.93626
          57    -37.1347    0.645848
          58    -53.8039    0.920483
          58    -37.1456    0.634995
          59    -53.8214    0.905307
          59     -37.156    0.624497
          60     -53.841    0.890678
          60    -37.1666    0.614349
          61    -53.8537    0.876404
          61    -37.1762    0.604515
          62    -53.8717    0.862677
          62     -37.186    0.594999
          63    -53.8858    0.849313
          63    -37.1951    0.585772
          64    -53.8983    0.836339
          64    -37.2043    0.576831
          65    -53.9156    0.823845
          65    -37.2131    0.568159
          66    -53.9258    0.811612
          66    -37.2215    0.559741
          67    -53.9396    0.799794
          67    -37.2295    0.551567
          68    -53.9493    0.788262
          68    -37.2375     0.54363
          69    -53.9677    0.777217
          69    -37.2455    0.535924
          70      -53.98    0.766367
          70    -37.2528    0.528425
          71    -53.9863    0.755749
          71    -37.2602    0.521137
          72    -53.9979    0.745485
          72    -37.2672    0.514045
          73    -54.0045     0.73544
          73    -37.2739    0.507143
          74     -54.012    0.725673
          74    -37.2805    0.500423
          75     -54.022    0.716193
          75    -37.2867    0.493878
          76    -54.0323    0.706966
          76    -37.2931    0.487505
          77    -54.0449    0.698015
          77    -37.2995    0.481297
          78    -54.0541     0.68924
          78    -37.3057    0.475245
          79    -54.0649    0.680708
          79    -37.3116    0.469341
          80    -54.0731    0.672354
          80    -37.3178    0.463587
          81    -54.0737    0.664155
          81    -37.3233    0.457966
          82    -54.0859    0.656265
          82    -37.3289    0.452483
          83    -54.0931    0.648492
          83    -37.3342    0.447128
          84     -54.104    0.640955
          84    -37.3398    0.441902
          85    -54.1124    0.633556
          85     -37.345    0.436794
          86    -54.1199    0.626319
          86    -37.3498      0.4318
          87     -54.125    0.619222
          87    -37.3545    0.426918
          88     -54.131    0.612294
          88    -37.3593    0.422149
          89     -54.135    0.605504
          89     -37.364    0.417484
          90    -54.1439    0.598915
          90    -37.3689    0.412925
          91    -54.1498    0.592434
          91    -37.3733    0.408461
          92    -54.1544    0.586082
          92    -37.3777    0.404092
          93    -54.1605    0.579878
          93    -37.3822    0.399818
          94    -54.1675    0.573817
          94    -37.3866    0.395635
          95    -54.1739    0.567876
          95     -37.391    0.391537
          96    -54.1824    0.562084
          96    -37.3952    0.387524
          97    -54.1911    0.556417
          97    -37.3995    0.383593
          98    -54.1999    0.550866
          98    -37.4033    0.379737
          99    -54.2035    0.545369
          99    -37.4071    0.375958
