           0           0           0
           1           0           0
           2           0           0
           3           0           0
           4           0           0
           5           0           0
           6           0           0
           7           0           0
           8           0           0
           9           0           0
          10           0           0
          11           0           0
          12           0           0
          13           0           0
          14           0           0
          15           0           0
          16           0           0
          17           0           0
          18           0           0
          19           0           0
          20           0           0
          21           0           0
          22           0           0
          23           0           0
          24           0           0
          25           0           0
          26           0           0
          27           0           0
          28           0           0
          29           0           0
          30           0           0
          31           0           0
          32           0           0
          33 1.12456e-06 1.11893e-06
          34 6.84319e-05 1.15265e-05
          35  0.00202539 9.78713e-05
          36   0.0147948 0.000247736
          37   0.0542956 0.000702133
          38    0.119371  0.00135512
          39    0.188842  0.00207134
          40    0.239531  0.00255926
          41    0.262705   0.0027983
          42    0.263903  0.00280262
          43    0.249137  0.00265006
          44    0.226314  0.00241123
          45    0.202595  0.00219144
          46    0.179523  0.00197782
          47    0.157459  0.00174211
          48    0.141791  0.00161044
          49     0.12629  0.00142353
          50    0.112625  0.00127837
          51    0.102231  0.00114961
          52   0.0943582  0.00107588
          53   0.0874406  0.00104698
          54   0.0813283 0.000961392
          55   0.0771667 0.000918162
          56   0.0740009 0.000898079
          57   0.0717755 0.000858753
          58   0.0702741 0.000862097
          59   0.0682015 0.000798846
          60   0.0673209 0.000800085
          61   0.0675377 0.000786273
          62   0.0679194 0.000816576
          63   0.0691211 0.000812001
          64   0.0702124 0.000805638
          65   0.0722812 0.000809631
          66   0.0755025 0.000828808
          67   0.0786037 0.000888138
          68   0.0816232 0.000924121
          69   0.0860498 0.000970586
          70   0.0893634 0.000994721
          71   0.0935326  0.00100864
          72   0.0974292  0.00104917
          73    0.101661  0.00111596
          74     0.10552  0.00113647
          75    0.109697  0.00117647
          76    0.112475  0.00119507
          77    0.116791  0.00124118
          78    0.118206  0.00124502
          79    0.119928  0.00126563
          80    0.121305  0.00128389
          81    0.121688   0.0012854
          82    0.120713  0.00128289
          83    0.119101  0.00127399
          84    0.117273  0.00123442
          85    0.114745   0.0011984
          86    0.112424  0.00118846
          87    0.109786  0.00116544
          88    0.106859  0.00112899
          89     0.10347   0.0010923
          90    0.100617   0.0010712
          91   0.0978744  0.00104345
          92   0.0959943  0.00101435
          93   0.0936287 0.000999015
          94   0.0925382 0.000985164
          95    0.091031 0.000977565
          96   0.0893359  0.00095095
          97   0.0886904 0.000935736
          98   0.0886418 0.000937171
          99   0.0885565 0.000936779
