           0     18.5035           0
           1     13.6487     9.65109
           2     17.7467     7.25211
           3     20.3987     5.90411
           4     21.2541     4.78484
           5     22.1449     4.06945
           6     22.9434     3.56558
           7     23.4405     3.15434
           8     23.8934     2.83619
           9     24.1727     2.56629
          10     24.8414     2.41854
          11     24.8592     2.21706
          12     25.1235      2.0622
          13       25.21     1.91672
          14     25.4031     1.79863
          15     25.6706     1.70601
          16     25.5974     1.60723
          17     25.6866      1.5204
          18     25.8369      1.4478
          19     25.9134     1.37743
          20     25.9822     1.31355
          21     26.1406     1.26336
          22     26.1769     1.20895
          23     26.3388     1.16938
          24     26.4038     1.12441
          25      26.534     1.08867
          26     26.5883      1.0497
          27     26.5399     1.01333
          28     26.6965    0.990418
          29     26.6843    0.957479
          30     26.6865    0.926595
          31     26.7745    0.901809
          32     26.8499    0.877628
          33      26.845    0.851829
          34     26.9492    0.833846
          35     26.9555    0.810707
          36     26.9622    0.788824
          37     27.0231    0.770414
          38     26.9757    0.752115
          39     27.0715    0.739384
          40     27.1443     0.72492
          41     27.0793    0.710562
          42     27.0707     0.69409
          43     27.0243    0.679869
          44     27.0476    0.665163
          45     27.0936    0.652287
          46     27.0691    0.638867
          47     27.0618    0.625599
          48     27.0664    0.612848
          49     27.0728    0.600625
          50     27.0913    0.589132
          51     27.0519    0.579119
          52     27.0445    0.568239
          53     27.0265    0.558001
          54       26.98    0.549792
          55     26.9532    0.540625
          56     26.9822    0.531917
          57     27.0494    0.526981
          58     27.0759    0.518712
          59      27.106    0.510939
          60     27.0903    0.502803
          61     27.1073    0.494982
          62     27.0971    0.487229
          63     27.0861    0.479741
          64     27.0992     0.47254
          65     27.0584    0.467143
          66     27.1209    0.464337
          67     27.1673    0.459822
          68     27.2184     0.45599
          69     27.1933    0.450166
          70     27.2213    0.444692
          71     27.2501    0.439452
          72     27.2542    0.433451
          73     27.2772    0.428201
          74     27.2802    0.422502
          75       27.28    0.416943
          76     27.2802    0.411528
          77      27.288    0.406326
          78     27.2978    0.401302
          79     27.2885    0.396394
          80     27.2921    0.391517
          81     27.3546    0.391698
          82     27.3321    0.387624
          83     27.3356    0.383025
          84     27.3267    0.378621
          85     27.3173    0.374335
          86     27.3308    0.370273
          87     27.3545    0.366828
          88     27.3653    0.362865
          89     27.3717     0.35889
          90     27.3588     0.35518
          91     27.3621    0.351335
          92     27.3641    0.347563
          93     27.3815    0.344296
          94     27.3941    0.340904
          95     27.3887    0.337397
          96     27.3715    0.334352
          97     27.3687    0.330953
          98     27.3588    0.327757
          99     27.3811    0.325233
