           0     12.2427           0
           1     5.69742     4.02868
           2     7.62684     3.11372
           3     8.57055     2.47417
           4     9.20452     2.05896
           5      9.5669      1.7474
           6     9.83029     1.51749
           7     10.0193     1.33952
           8     10.1761     1.19983
           9     10.2785     1.08421
          10     10.3361    0.987171
          11     10.4361    0.909964
          12     10.4959    0.841926
          13     10.5554    0.783887
          14     10.5987    0.732823
          15     10.6261    0.687533
          16     10.6803    0.649223
          17      10.716    0.614137
          18     10.7388     0.58224
          19     10.7653    0.553726
          20     10.7819    0.527609
          21     10.8034    0.504063
          22     10.8212    0.482462
          23     10.8297    0.462434
          24     10.8502    0.444393
          25     10.8543    0.427319
          26       10.87     0.41178
          27      10.895    0.397832
          28     10.8967    0.384117
          29     10.9088    0.371504
          30     10.9231    0.359792
          31     10.9326    0.348675
          32     10.9413    0.338217
          33     10.9526     0.32846
          34     10.9528    0.319075
          35     10.9662    0.310494
          36     10.9775     0.30231
          37     10.9761    0.294358
          38     10.9911    0.287192
          39     10.9936    0.280024
          40     10.9944    0.273195
          41      11.006    0.266939
          42     11.0159    0.260913
          43     11.0279     0.25526
          44     11.0314    0.249611
          45     11.0367    0.244241
          46     11.0478    0.239296
          47     11.0551    0.234422
          48     11.0649    0.229843
          49     11.0711     0.22533
          50     11.0745    0.220937
          51     11.0817    0.216807
          52     11.0859    0.212757
          53     11.0867    0.208819
          54     11.0945    0.205167
          55     11.1005     0.20159
          56     11.1021     0.19806
          57     11.1041    0.194656
          58     11.1055    0.191361
          59     11.1102    0.188229
          60     11.1162     0.18524
          61     11.1183    0.182264
          62     11.1238    0.179453
          63     11.1271     0.17668
          64     11.1294    0.173976
          65      11.135    0.171431
          66     11.1362    0.168876
          67     11.1401    0.166437
          68     11.1412    0.164029
          69     11.1481    0.161832
          70     11.1515    0.159587
          71     11.1508    0.157372
          72     11.1538    0.155246
          73     11.1537    0.153148
          74     11.1544    0.151108
          75     11.1568    0.149139
          76     11.1595    0.147226
          77     11.1636    0.145397
          78     11.1656     0.14357
          79     11.1688    0.141812
          80     11.1702    0.140068
          81      11.167    0.138398
          82     11.1713    0.136799
          83     11.1726    0.135176
          84     11.1762    0.133634
          85     11.1783    0.132097
          86     11.1801    0.130591
          87     11.1803    0.129107
          88     11.1812    0.127659
          89     11.1807    0.126242
          90     11.1834    0.124883
          91     11.1843    0.123529
          92     11.1845    0.122201
          93     11.1855    0.120905
          94     11.1872    0.119645
          95     11.1886    0.118406
          96     11.1914    0.117219
          97     11.1944    0.116061
          98     11.1978    0.114936
          99     11.1976    0.113787
