1 0.0100368 0
2 0.00912021 0.0009166
3 0.00759366 0.00161568
4 0.00536461 0.00250477
5 0.00226961 0.00365285
6 -0.00188807 0.00511683
7 -0.00736367 0.00697736
8 -0.014448 0.00931133
9 -0.0228443 0.0117444
10 -0.0263237 0.0110658
11 -0.0176716 0.0132305
12 -0.0146307 0.0124547
13 -0.000599876 0.0181141
14 0.0111371 0.0204695
15 0.0328696 0.0289039
16 0.031757 0.02706
17 0.0169608 0.0294113
18 0.0158522 0.0277514
19 0.0193429 0.0264813
20 0.0388276 0.0317928
21 0.050265 0.0323316
22 0.0584714 0.0319006
23 0.0543825 0.0307551
24 0.0452164 0.0308394
25 0.0459078 0.0295882
26 0.0467605 0.0284402
27 0.0379209 0.0287588
28 0.0316554 0.0284121
29 0.0274736 0.027732
30 0.0230379 0.0271564
31 0.0194867 0.0265047
32 0.019424 0.0256632
33 0.0184663 0.0248918
34 0.0169749 0.0241946
35 0.0166758 0.0234951
36 0.0216068 0.0233595
37 0.0247004 0.022929
38 0.0227895 0.0223991
39 0.0198991 0.0220079
40 0.0202401 0.0214533
41 0.0186187 0.0209863
42 0.0139725 0.0210009
43 0.0115251 0.0206522
44 0.0115388 0.0201774
45 0.0118034 0.0197257
46 0.0122602 0.0192975
47 0.0123926 0.0188829
48 0.00988639 0.0186545
49 0.00649545 0.0185818
50 0.00598842 0.0182134
51 0.00789293 0.017954
52 0.0104264 0.0177867
53 0.00954182 0.0174703
54 0.00697593 0.0173347
55 0.00846619 0.0170817
56 0.0105442 0.0169022
57 0.00873014 0.0167018
58 0.00728933 0.0164744
59 0.00521182 0.0163255
60 0.0048375 0.0160555
61 0.00720942 0.0159672
62 0.00954102 0.0158797
63 0.0115377 0.0157527
64 0.0141091 0.0157164
65 0.0130989 0.0155056
66 0.0118912 0.0153166
67 0.00933892 0.0153006
68 0.00883433 0.0150824
69 0.00954892 0.0148793
70 0.0101851 0.014679
71 0.00986136 0.0144744
72 0.0131288 0.0146412
73 0.0130086 0.0144397
74 0.0109287 0.0143943
75 0.010443 0.0142094
76 0.0134824 0.0143468
77 0.0139694 0.0141677
78 0.0109176 0.014314
79 0.00863754 0.0143144
80 0.00804455 0.0141467
81 0.00928003 0.0140255
82 0.00839663 0.0138816
83 0.00756667 0.0137384
84 0.00527752 0.0137655
85 0.00381655 0.0136808
86 0.00115012 0.0137812
87 -0.00147933 0.0138734
88 -0.00487582 0.0141291
89 -0.00732482 0.0141825
90 -0.00827614 0.0140563
91 -0.00787952 0.0139066
92 -0.00816909 0.0137577
93 -0.00724679 0.0136401
94 -0.00474263 0.0137246
95 -0.00284934 0.0137108
96 -0.00111407 0.0136777
97 -0.000932869 0.0135372
98 -0.00163455 0.0134167
99 -0.00137006 0.0132831
100 -0.00367518 0.0133501
