1 1.20011 0
2 1.20042 0.000309844
3 1.20095 0.000554843
4 1.20172 0.000868162
5 1.2028 0.00126911
6 1.20426 0.00178926
7 1.20622 0.00247666
8 1.20886 0.00340344
9 1.2124 0.00464313
10 1.21643 0.00578607
11 1.21994 0.00630182
12 1.22508 0.00771574
13 1.22941 0.00831162
14 1.23438 0.0091595
15 1.23772 0.00915869
16 1.24292 0.0100216
17 1.24909 0.0112543
18 1.25378 0.0116001
19 1.25869 0.0120236
20 1.26204 0.0118868
21 1.26623 0.0120599
22 1.26996 0.0120864
23 1.27417 0.0122953
24 1.27829 0.0124709
25 1.28089 0.0122413
26 1.28313 0.0119725
27 1.28616 0.0119118
28 1.28869 0.0117536
29 1.29098 0.01157
30 1.2934 0.0114368
31 1.2959 0.01134
32 1.29811 0.0112018
33 1.30048 0.0111107
34 1.3029 0.0110488
35 1.30522 0.0109766
36 1.30684 0.0107888
37 1.30849 0.0106225
38 1.31046 0.0105261
39 1.31241 0.0104361
40 1.31391 0.0102812
41 1.31559 0.0101674
42 1.31763 0.010129
43 1.31945 0.0100581
44 1.321 0.00994853
45 1.32243 0.0098285
46 1.32363 0.00968764
47 1.3246 0.0095281
48 1.32559 0.00938054
49 1.32653 0.00923441
50 1.32709 0.00906533
51 1.32737 0.00889024
52 1.32753 0.00871899
53 1.32807 0.00857012
54 1.32887 0.00844805
55 1.32931 0.00830472
56 1.32972 0.00816542
57 1.33057 0.00806538
58 1.33134 0.00796265
59 1.33227 0.00788211
60 1.33317 0.00780159
61 1.33395 0.00771146
62 1.33489 0.00764403
63 1.33591 0.00759138
64 1.33674 0.00751745
65 1.33783 0.00748156
66 1.33878 0.00742786
67 1.33985 0.00739394
68 1.34072 0.00733657
69 1.34151 0.00727211
70 1.34234 0.00721496
71 1.34338 0.00718819
72 1.34394 0.00710987
73 1.34475 0.00705827
74 1.34564 0.00701914
75 1.3463 0.00695683
76 1.34651 0.00686774
77 1.34687 0.00678767
78 1.34748 0.00672741
79 1.34792 0.00665625
80 1.34818 0.00657761
81 1.3482 0.00649594
82 1.34842 0.00642018
83 1.34853 0.00634331
84 1.34874 0.00627087
85 1.34877 0.00619672
86 1.34893 0.00612611
87 1.34909 0.00605754
88 1.34946 0.00599954
89 1.3499 0.00594845
90 1.35041 0.00590371
91 1.35097 0.00586565
92 1.35179 0.00585877
93 1.35263 0.00585538
94 1.35334 0.00583699
95 1.35412 0.00582789
96 1.35481 0.00580737
97 1.35551 0.00579006
98 1.35624 0.00577611
99 1.35676 0.00574134
100 1.35754 0.00573773
