1 1.7601 0
2 1.76009 1.08258e-05
3 1.76008 8.55786e-06
4 1.76008 6.12402e-06
5 1.76007 9.5164e-06
6 1.76006 1.54276e-05
7 1.76004 1.82212e-05
8 1.76003 2.47983e-05
9 1.76 3.23505e-05
10 1.76 2.91449e-05
11 1.75997 3.89497e-05
12 1.75996 3.60516e-05
13 1.75995 3.66611e-05
14 1.75996 3.51555e-05
15 1.75995 3.30129e-05
16 1.75992 4.76472e-05
17 1.75991 4.49848e-05
18 1.75993 4.75574e-05
19 1.75993 4.53535e-05
20 1.75994 4.42189e-05
21 1.75994 4.21129e-05
22 1.75993 4.13261e-05
23 1.75992 3.97657e-05
24 1.75992 3.82322e-05
25 1.75995 4.63688e-05
26 1.75993 4.81718e-05
27 1.75993 4.66078e-05
28 1.75994 4.66196e-05
29 1.75994 4.53819e-05
30 1.75994 4.38432e-05
31 1.75994 4.24055e-05
32 1.75994 4.11641e-05
33 1.75993 4.04471e-05
34 1.75994 3.93781e-05
35 1.75994 3.84432e-05
36 1.75994 3.73911e-05
37 1.75995 3.68598e-05
38 1.75994 3.76158e-05
39 1.75995 3.81279e-05
40 1.75995 3.71699e-05
41 1.75994 3.65129e-05
42 1.75994 3.58422e-05
43 1.75994 3.5607e-05
44 1.75994 3.47884e-05
45 1.75995 3.41517e-05
46 1.75995 3.36643e-05
47 1.75995 3.29451e-05
48 1.75995 3.22533e-05
49 1.75995 3.17264e-05
50 1.75996 3.16025e-05
51 1.75996 3.09767e-05
52 1.75996 3.04224e-05
53 1.75996 3.05395e-05
54 1.75996 2.99687e-05
55 1.75996 3.02223e-05
56 1.75996 3.04328e-05
57 1.75995 2.99289e-05
58 1.75995 2.94101e-05
59 1.75995 2.89542e-05
60 1.75995 2.84778e-05
61 1.75995 2.8023e-05
62 1.75995 2.75807e-05
63 1.75995 2.71849e-05
64 1.75995 2.69627e-05
65 1.75995 2.67005e-05
66 1.75995 2.63683e-05
67 1.75995 2.60226e-05
68 1.75996 2.60399e-05
69 1.75995 2.57806e-05
70 1.75995 2.55366e-05
71 1.75996 2.54855e-05
72 1.75996 2.52144e-05
73 1.75995 2.5534e-05
74 1.75995 2.53416e-05
75 1.75996 2.51383e-05
76 1.75996 2.53288e-05
77 1.75995 2.64993e-05
78 1.75995 2.61594e-05
79 1.75996 2.594e-05
80 1.75996 2.56411e-05
81 1.75996 2.53618e-05
82 1.75996 2.51347e-05
83 1.75996 2.48301e-05
84 1.75996 2.45346e-05
85 1.75996 2.426e-05
86 1.75996 2.39762e-05
87 1.75996 2.37652e-05
88 1.75995 2.36254e-05
89 1.75995 2.33619e-05
90 1.75995 2.31722e-05
91 1.75995 2.29238e-05
92 1.75995 2.36399e-05
93 1.75995 2.42589e-05
94 1.75995 2.43623e-05
95 1.75995 2.42227e-05
96 1.75995 2.40006e-05
97 1.75995 2.42089e-05
98 1.75995 2.50169e-05
99 1.75995 2.49698e-05
100 1.75995 2.47855e-05
