1 1.80017 0
2 1.80063 0.000464766
3 1.80142 0.000832264
4 1.80258 0.00130224
5 1.8042 0.00190366
6 1.80639 0.00268388
7 1.80933 0.00371499
8 1.81329 0.00510516
9 1.81861 0.00696469
10 1.82465 0.00867911
11 1.82991 0.00945272
12 1.83763 0.0115736
13 1.84412 0.0124674
14 1.85157 0.0137392
15 1.85658 0.013738
16 1.86438 0.0150324
17 1.87363 0.0168815
18 1.88066 0.0174001
19 1.88804 0.0180354
20 1.89306 0.0178302
21 1.89935 0.0180899
22 1.90493 0.0181296
23 1.91126 0.018443
24 1.91744 0.0187063
25 1.92134 0.018362
26 1.9247 0.0179587
27 1.92924 0.0178677
28 1.93303 0.0176303
29 1.93647 0.017355
30 1.9401 0.0171552
31 1.94384 0.0170101
32 1.94717 0.0168027
33 1.95071 0.016666
34 1.95435 0.0165732
35 1.95783 0.0164649
36 1.96026 0.0161832
37 1.96273 0.0159338
38 1.9657 0.0157892
39 1.96862 0.0156542
40 1.97086 0.0154218
41 1.97339 0.0152511
42 1.97644 0.0151935
43 1.97918 0.0150872
44 1.98151 0.0149228
45 1.98364 0.0147428
46 1.98545 0.0145315
47 1.98689 0.0142922
48 1.98839 0.0140708
49 1.98979 0.0138516
50 1.99063 0.013598
51 1.99105 0.0133354
52 1.99129 0.0130785
53 1.9921 0.0128552
54 1.9933 0.0126721
55 1.99397 0.0124571
56 1.99458 0.0122481
57 1.99585 0.0120981
58 1.99701 0.011944
59 1.99841 0.0118232
60 1.99976 0.0117024
61 2.00092 0.0115672
62 2.00233 0.011466
63 2.00387 0.0113871
64 2.00511 0.0112762
65 2.00675 0.0112223
66 2.00817 0.0111418
67 2.00978 0.0110909
68 2.01109 0.0110049
69 2.01227 0.0109082
70 2.0135 0.0108224
71 2.01506 0.0107823
72 2.01591 0.0106648
73 2.01712 0.0105874
74 2.01846 0.0105287
75 2.01946 0.0104352
76 2.01976 0.0103016
77 2.02031 0.0101815
78 2.02122 0.0100911
79 2.02188 0.00998438
80 2.02226 0.00986642
81 2.0223 0.00974391
82 2.02264 0.00963027
83 2.0228 0.00951497
84 2.02312 0.0094063
85 2.02316 0.00929509
86 2.02339 0.00918917
87 2.02364 0.00908631
88 2.02419 0.00899931
89 2.02485 0.00892268
90 2.02561 0.00885556
91 2.02646 0.00879848
92 2.02768 0.00878816
93 2.02894 0.00878307
94 2.03001 0.00875549
95 2.03119 0.00874184
96 2.03221 0.00871106
97 2.03327 0.00868509
98 2.03435 0.00866417
99 2.03514 0.00861202
100 2.03632 0.0086066
