1 -0.0400732 0
2 -0.0405488 0.000475592
3 -0.0413425 0.000839822
4 -0.0425051 0.00130551
5 -0.0441278 0.001912
6 -0.0463291 0.00269869
7 -0.049284 0.00373271
8 -0.0532669 0.00512968
9 -0.0586045 0.00699686
10 -0.0646513 0.00870221
11 -0.0699452 0.00948606
12 -0.0776639 0.0116003
13 -0.0841677 0.0124965
14 -0.0916107 0.0137569
15 -0.0966286 0.0137549
16 -0.104464 0.0150648
17 -0.113721 0.0169094
18 -0.120731 0.0174155
19 -0.128111 0.018051
20 -0.133118 0.0178416
21 -0.139413 0.0181007
22 -0.145007 0.0181425
23 -0.15134 0.0184562
24 -0.157511 0.018717
25 -0.161386 0.0183661
26 -0.164764 0.017966
27 -0.169311 0.0178757
28 -0.17309 0.0176352
29 -0.176531 0.0173608
30 -0.180163 0.0171607
31 -0.183908 0.0170152
32 -0.187233 0.0168071
33 -0.19078 0.0166716
34 -0.194417 0.0165777
35 -0.197895 0.0164684
36 -0.200314 0.0161862
37 -0.202787 0.0159358
38 -0.205761 0.0157932
39 -0.208673 0.0156561
40 -0.210916 0.0154237
41 -0.213444 0.0152537
42 -0.216501 0.0151967
43 -0.219236 0.0150891
44 -0.221563 0.0149247
45 -0.223694 0.0147441
46 -0.225497 0.0145322
47 -0.226942 0.014293
48 -0.228436 0.0140716
49 -0.229834 0.0138521
50 -0.230672 0.0135981
51 -0.231094 0.0133354
52 -0.231326 0.0130785
53 -0.232147 0.0128556
54 -0.233349 0.0126725
55 -0.234003 0.0124572
56 -0.234626 0.0122485
57 -0.235897 0.0120986
58 -0.237056 0.0119446
59 -0.238459 0.0118239
60 -0.239807 0.011703
61 -0.240967 0.0115679
62 -0.242377 0.0114669
63 -0.243915 0.0113877
64 -0.245159 0.0112771
65 -0.246799 0.0112228
66 -0.248221 0.0111425
67 -0.249824 0.0110914
68 -0.251129 0.0110048
69 -0.252311 0.0109084
70 -0.253553 0.0108229
71 -0.255109 0.0107822
72 -0.255949 0.0106645
73 -0.257168 0.0105878
74 -0.258503 0.0105287
75 -0.259499 0.010435
76 -0.259801 0.0103013
77 -0.260354 0.0101816
78 -0.261262 0.0100912
79 -0.26192 0.00998431
80 -0.262307 0.0098663
81 -0.26234 0.0097438
82 -0.26268 0.00963023
83 -0.262845 0.00951493
84 -0.26316 0.00940625
85 -0.263203 0.00929503
86 -0.26343 0.00918912
87 -0.26368 0.0090863
88 -0.264233 0.00899945
89 -0.264901 0.00892279
90 -0.265661 0.00885583
91 -0.266507 0.00879869
92 -0.267739 0.0087893
93 -0.268986 0.00878327
94 -0.270066 0.00875619
95 -0.271236 0.00874221
96 -0.272262 0.00871128
97 -0.273322 0.00868588
98 -0.274399 0.00866404
99 -0.275187 0.00861219
100 -0.276368 0.00860702
